<?xml version="1.0" encoding="UTF-8"?>
<!-- Generated by org.testng.reporters.JUnitXMLReporter -->
<testsuite ignored="0" hostname="Mertkan" failures="0" tests="3" name="Submit Order Test" time="27.662" errors="0" timestamp="2023-01-31T20:46:26 TRT">
  <testcase classname="mertkanCompany.tests.SubmitOrderTest" name="submitOrder" time="3.955"/>
  <testcase classname="mertkanCompany.tests.SubmitOrderTest" name="submitOrder" time="3.886"/>
  <testcase classname="mertkanCompany.tests.SubmitOrderTest" name="orderHistoryTest" time="0.594"/>
</testsuite> <!-- Submit Order Test -->
