<?xml version="1.0" encoding="UTF-8"?>
<testsuite xmlns:xsi="http://www.w3.org/2001/XMLSchema-instance" xsi:noNamespaceSchemaLocation="https://maven.apache.org/surefire/maven-surefire-plugin/xsd/surefire-test-report-3.0.xsd" version="3.0" name="TestSuite" time="117.261" tests="2" errors="0" skipped="0" failures="0">
  <properties>
[...]
</properties>
  <testcase name="fillForm[{name=Rümeysa, country=Ireland, gender=female}](1)" classname="mertkanCompany.ECommerceTestCase4" time="47.32">
    <system-out><![CDATA[&amp#27;[35m[Appium]&amp#27;[39m Welcome to Appium v2.0.0-beta.55
&amp#27;[35m[Appium]&amp#27;[39m Non-default server args:
&amp#27;[35m[Appium]&amp#27;[39m { address: &amp#27;[32m'127.0.0.1'&amp#27;[39m }
&amp#27;[35m[Appium]&amp#27;[39m Attempting to load driver uiautomator2...
[debug] &amp#27;[35m[Appium]&amp#27;[39m Requiring driver at C:\Users\mertk\.appium\node_modules\appium-uiautomator2-driver
&amp#27;[35m[Appium]&amp#27;[39m Appium REST http interface listener started on 127.0.0.1:4723
&amp#27;[35m[Appium]&amp#27;[39m Available drivers:
&amp#27;[35m[Appium]&amp#27;[39m   - uiautomator2@2.12.6 (automationName 'UiAutomator2')
&amp#27;[35m[Appium]&amp#27;[39m No plugins have been installed. Use the "appium plugin" command to install the one(s) you want to use.
&amp#27;[38;5;0m[HTTP]&amp#27;[0m &amp#27;[37m-->&amp#27;[39m &amp#27;[37mGET&amp#27;[39m &amp#27;[37m/status&amp#27;[39m
&amp#27;[38;5;0m[HTTP]&amp#27;[0m &amp#27;[90m{}&amp#27;[39m
[debug] &amp#27;[38;5;16m[AppiumDriver@330b]&amp#27;[0m Calling AppiumDriver.getStatus() with args: []
[debug] &amp#27;[38;5;16m[AppiumDriver@330b]&amp#27;[0m Responding to client with driver.getStatus() result: {"build":{"version":"2.0.0-beta.55"}}
&amp#27;[38;5;0m[HTTP]&amp#27;[0m &amp#27;[37m<-- GET /status &amp#27;[39m&amp#27;[32m200&amp#27;[39m &amp#27;[90m7 ms - 47&amp#27;[39m
&amp#27;[38;5;0m[HTTP]&amp#27;[0m &amp#27;[90m&amp#27;[39m
[debug] &amp#27;[38;5;0m[HTTP]&amp#27;[0m Request idempotency key: a86ec6b6-ee7f-4e89-ae51-42b135ae6a0c
&amp#27;[38;5;0m[HTTP]&amp#27;[0m &amp#27;[37m-->&amp#27;[39m &amp#27;[37mPOST&amp#27;[39m &amp#27;[37m/session&amp#27;[39m
&amp#27;[38;5;0m[HTTP]&amp#27;[0m &amp#27;[90m{"capabilities":{"firstMatch":[{}],"alwaysMatch":{"appium:app":"C:\\Selenium-TestNG\\AppiumFrameworkDesign\\src\\test\\java\\resources\\General-Store.apk","appium:automationName":"UIAutomator2","appium:chromedriverExecutable":"C:\\asd\\chromedriver103\\chromedriver.exe","appium:deviceName":"m","platformName":"android"}}}&amp#27;[39m
[debug] &amp#27;[38;5;16m[AppiumDriver@330b]&amp#27;[0m Calling AppiumDriver.createSession() with args: [null,null,{"firstMatch":[{}],"alwaysMatch":{"appium:app":"C:\\Selenium-TestNG\\AppiumFrameworkDesign\\src\\test\\java\\resources\\General-Store.apk","appium:automationName":"UIAutomator2","appium:chromedriverExecutable":"C:\\asd\\chromedriver103\\chromedriver.exe","appium:deviceName":"m","platformName":"android"}}]
[debug] &amp#27;[38;5;16m[AppiumDriver@330b]&amp#27;[0m Event 'newSessionRequested' logged at 1678042633225 (21:57:13 GMT+0300 (GMT+03:00))
&amp#27;[35m[Appium]&amp#27;[39m Attempting to find matching driver for automationName 'UIAutomator2' and platformName 'android'
&amp#27;[35m[Appium]&amp#27;[39m The 'uiautomator2' driver was installed and matched caps.
&amp#27;[35m[Appium]&amp#27;[39m Will require it at C:\Users\mertk\.appium\node_modules\appium-uiautomator2-driver
[debug] &amp#27;[35m[Appium]&amp#27;[39m Requiring driver at C:\Users\mertk\.appium\node_modules\appium-uiautomator2-driver
&amp#27;[38;5;16m[AppiumDriver@330b]&amp#27;[0m Appium v2.0.0-beta.55 creating new AndroidUiautomator2Driver (v2.12.6) session
&amp#27;[38;5;16m[AppiumDriver@330b]&amp#27;[0m Checking BaseDriver versions for Appium and AndroidUiautomator2Driver
&amp#27;[38;5;16m[AppiumDriver@330b]&amp#27;[0m Appium's BaseDriver version is 9.3.1
&amp#27;[38;5;16m[AppiumDriver@330b]&amp#27;[0m AndroidUiautomator2Driver's BaseDriver version is 9.3.1
[debug] &amp#27;[38;5;32m[AndroidUiautomator2Driver@d8eb]&amp#27;[0m Creating session with W3C capabilities: {
[debug] &amp#27;[38;5;32m[AndroidUiautomator2Driver@d8eb]&amp#27;[0m   "alwaysMatch": {
[debug] &amp#27;[38;5;32m[AndroidUiautomator2Driver@d8eb]&amp#27;[0m     "platformName": "android",
[debug] &amp#27;[38;5;32m[AndroidUiautomator2Driver@d8eb]&amp#27;[0m     "appium:app": "C:\\Selenium-TestNG\\AppiumFrameworkDesign\\src\\test\\java\\resources\\General-Store.apk",
[debug] &amp#27;[38;5;32m[AndroidUiautomator2Driver@d8eb]&amp#27;[0m     "appium:automationName": "UIAutomator2",
[debug] &amp#27;[38;5;32m[AndroidUiautomator2Driver@d8eb]&amp#27;[0m     "appium:chromedriverExecutable": "C:\\asd\\chromedriver103\\chromedriver.exe",
[debug] &amp#27;[38;5;32m[AndroidUiautomator2Driver@d8eb]&amp#27;[0m     "appium:deviceName": "m"
[debug] &amp#27;[38;5;32m[AndroidUiautomator2Driver@d8eb]&amp#27;[0m   },
[debug] &amp#27;[38;5;32m[AndroidUiautomator2Driver@d8eb]&amp#27;[0m   "firstMatch": [
[debug] &amp#27;[38;5;32m[AndroidUiautomator2Driver@d8eb]&amp#27;[0m     {}
[debug] &amp#27;[38;5;32m[AndroidUiautomator2Driver@d8eb]&amp#27;[0m   ]
[debug] &amp#27;[38;5;32m[AndroidUiautomator2Driver@d8eb]&amp#27;[0m }
&amp#27;[38;5;32m[AndroidUiautomator2Driver@d8eb (26be48bf)]&amp#27;[0m Session created with session id: 26be48bf-54a7-4e5a-b0d8-678f43b769b8
&amp#27;[38;5;48m[BaseDriver]&amp#27;[0m Using local app 'C:\Selenium-TestNG\AppiumFrameworkDesign\src\test\java\resources\General-Store.apk'
[debug] &amp#27;[38;5;32m[AndroidUiautomator2Driver@d8eb (26be48bf)]&amp#27;[0m Checking whether app is actually present
&amp#27;[38;5;64m[ADB]&amp#27;[0m Found 3 'build-tools' folders under 'C:\Users\mertk\AppData\Local\Android\Sdk' (newest first):
&amp#27;[38;5;64m[ADB]&amp#27;[0m     C:/Users/mertk/AppData/Local/Android/Sdk/build-tools/34.0.0-rc1
&amp#27;[38;5;64m[ADB]&amp#27;[0m     C:/Users/mertk/AppData/Local/Android/Sdk/build-tools/33.0.2
&amp#27;[38;5;64m[ADB]&amp#27;[0m     C:/Users/mertk/AppData/Local/Android/Sdk/build-tools/30.0.3
&amp#27;[38;5;64m[ADB]&amp#27;[0m Using 'adb.exe' from 'C:\Users\mertk\AppData\Local\Android\Sdk\platform-tools\adb.exe'
[debug] &amp#27;[38;5;64m[ADB]&amp#27;[0m Running 'C:\Users\mertk\AppData\Local\Android\Sdk\platform-tools\adb.exe -P 5037 start-server'
&amp#27;[38;5;80m[AndroidDriver]&amp#27;[0m Retrieving device list
[debug] &amp#27;[38;5;64m[ADB]&amp#27;[0m Trying to find a connected android device
[debug] &amp#27;[38;5;64m[ADB]&amp#27;[0m Getting connected devices
[debug] &amp#27;[38;5;64m[ADB]&amp#27;[0m Connected devices: [{"udid":"emulator-5554","state":"device"}]
&amp#27;[38;5;80m[AndroidDriver]&amp#27;[0m Using device: emulator-5554
&amp#27;[38;5;64m[ADB]&amp#27;[0m Using 'adb.exe' from 'C:\Users\mertk\AppData\Local\Android\Sdk\platform-tools\adb.exe'
[debug] &amp#27;[38;5;64m[ADB]&amp#27;[0m Running 'C:\Users\mertk\AppData\Local\Android\Sdk\platform-tools\adb.exe -P 5037 start-server'
[debug] &amp#27;[38;5;64m[ADB]&amp#27;[0m Setting device id to emulator-5554
[debug] &amp#27;[38;5;64m[ADB]&amp#27;[0m Running 'C:\Users\mertk\AppData\Local\Android\Sdk\platform-tools\adb.exe -P 5037 -s emulator-5554 shell getprop ro.build.version.sdk'
[debug] &amp#27;[38;5;64m[ADB]&amp#27;[0m Current device property 'ro.build.version.sdk': 31
&amp#27;[38;5;64m[ADB]&amp#27;[0m Getting device platform version
[debug] &amp#27;[38;5;64m[ADB]&amp#27;[0m Running 'C:\Users\mertk\AppData\Local\Android\Sdk\platform-tools\adb.exe -P 5037 -s emulator-5554 shell getprop ro.build.version.release'
[debug] &amp#27;[38;5;64m[ADB]&amp#27;[0m Current device property 'ro.build.version.release': 12
[debug] &amp#27;[38;5;64m[ADB]&amp#27;[0m Device API level: 31
&amp#27;[38;5;32m[AndroidUiautomator2Driver@d8eb (26be48bf)]&amp#27;[0m Relaxing hidden api policy
[debug] &amp#27;[38;5;64m[ADB]&amp#27;[0m Running 'C:\Users\mertk\AppData\Local\Android\Sdk\platform-tools\adb.exe -P 5037 -s emulator-5554 shell 'settings put global hidden_api_policy_pre_p_apps 1;settings put global hidden_api_policy_p_apps 1;settings put global hidden_api_policy 1''
[debug] &amp#27;[38;5;80m[AndroidDriver]&amp#27;[0m Parsing package and activity from app manifest
&amp#27;[38;5;64m[ADB]&amp#27;[0m Package name: 'com.androidsample.generalstore'
&amp#27;[38;5;64m[ADB]&amp#27;[0m Main activity name: 'com.androidsample.generalstore.SplashActivity'
[debug] &amp#27;[38;5;80m[AndroidDriver]&amp#27;[0m Parsed package and activity are: com.androidsample.generalstore/com.androidsample.generalstore.SplashActivity
[debug] &amp#27;[38;5;64m[ADB]&amp#27;[0m Running 'C:\Users\mertk\AppData\Local\Android\Sdk\platform-tools\adb.exe -P 5037 -s emulator-5554 wait-for-device'
[debug] &amp#27;[38;5;64m[ADB]&amp#27;[0m Running 'C:\Users\mertk\AppData\Local\Android\Sdk\platform-tools\adb.exe -P 5037 -s emulator-5554 shell echo ping'
[debug] &amp#27;[38;5;80m[AndroidDriver]&amp#27;[0m Pushing settings apk to device...
[debug] &amp#27;[38;5;64m[ADB]&amp#27;[0m Getting install status for io.appium.settings
[debug] &amp#27;[38;5;64m[ADB]&amp#27;[0m Running 'C:\Users\mertk\AppData\Local\Android\Sdk\platform-tools\adb.exe -P 5037 -s emulator-5554 shell dumpsys package io.appium.settings'
[debug] &amp#27;[38;5;64m[ADB]&amp#27;[0m 'io.appium.settings' is installed
[debug] &amp#27;[38;5;64m[ADB]&amp#27;[0m Getting package info for 'io.appium.settings'
[debug] &amp#27;[38;5;64m[ADB]&amp#27;[0m Running 'C:\Users\mertk\AppData\Local\Android\Sdk\platform-tools\adb.exe -P 5037 -s emulator-5554 shell dumpsys package io.appium.settings'
[debug] &amp#27;[38;5;64m[ADB]&amp#27;[0m The version name of the installed 'io.appium.settings' is greater or equal to the application version name ('5.0.3' >= '5.0.3')
[debug] &amp#27;[38;5;64m[ADB]&amp#27;[0m There is no need to install/upgrade 'C:\Users\mertk\.appium\node_modules\appium-uiautomator2-driver\node_modules\io.appium.settings\apks\settings_apk-debug.apk'
[debug] &amp#27;[38;5;64m[ADB]&amp#27;[0m Getting IDs of all 'io.appium.settings' processes
[debug] &amp#27;[38;5;64m[ADB]&amp#27;[0m Running 'C:\Users\mertk\AppData\Local\Android\Sdk\platform-tools\adb.exe -P 5037 -s emulator-5554 shell 'pgrep --help; echo $?''
[debug] &amp#27;[38;5;64m[ADB]&amp#27;[0m Running 'C:\Users\mertk\AppData\Local\Android\Sdk\platform-tools\adb.exe -P 5037 -s emulator-5554 shell pgrep -f \(\[\[:blank:\]\]\|\^\)io\.appium\.settings\(\[\[:blank:\]\]\|\$\)'
[debug] &amp#27;[38;5;80m[AndroidDriver]&amp#27;[0m io.appium.settings is already running. There is no need to reset its permissions.
[debug] &amp#27;[38;5;96m[Logcat]&amp#27;[0m Starting logs capture with command: C:\\Users\\mertk\\AppData\\Local\\Android\\Sdk\\platform-tools\\adb.exe -P 5037 -s emulator-5554 logcat -v threadtime
[debug] &amp#27;[38;5;32m[AndroidUiautomator2Driver@d8eb (26be48bf)]&amp#27;[0m Forwarding UiAutomator2 Server port 6790 to local port 8200
[debug] &amp#27;[38;5;64m[ADB]&amp#27;[0m Forwarding system: 8200 to device: 6790
[debug] &amp#27;[38;5;64m[ADB]&amp#27;[0m Running 'C:\Users\mertk\AppData\Local\Android\Sdk\platform-tools\adb.exe -P 5037 -s emulator-5554 forward tcp:8200 tcp:6790'
[debug] &amp#27;[38;5;64m[ADB]&amp#27;[0m Getting install status for io.appium.uiautomator2.server
[debug] &amp#27;[38;5;64m[ADB]&amp#27;[0m Running 'C:\Users\mertk\AppData\Local\Android\Sdk\platform-tools\adb.exe -P 5037 -s emulator-5554 shell dumpsys package io.appium.uiautomator2.server'
[debug] &amp#27;[38;5;64m[ADB]&amp#27;[0m 'io.appium.uiautomator2.server' is installed
[debug] &amp#27;[38;5;64m[ADB]&amp#27;[0m Getting package info for 'io.appium.uiautomator2.server'
[debug] &amp#27;[38;5;64m[ADB]&amp#27;[0m Running 'C:\Users\mertk\AppData\Local\Android\Sdk\platform-tools\adb.exe -P 5037 -s emulator-5554 shell dumpsys package io.appium.uiautomator2.server'
[debug] &amp#27;[38;5;64m[ADB]&amp#27;[0m The version name of the installed 'io.appium.uiautomator2.server' is greater or equal to the application version name ('5.7.8' >= '5.7.8')
[debug] &amp#27;[38;5;32m[AndroidUiautomator2Driver@d8eb (26be48bf)]&amp#27;[0m io.appium.uiautomator2.server installation state: sameVersionInstalled
[debug] &amp#27;[38;5;64m[ADB]&amp#27;[0m Checking app cert for C:\Users\mertk\.appium\node_modules\appium-uiautomator2-driver\node_modules\appium-uiautomator2-server\apks\appium-uiautomator2-server-v5.7.8.apk
&amp#27;[38;5;64m[ADB]&amp#27;[0m Using 'apksigner.jar' from 'C:\Users\mertk\AppData\Local\Android\Sdk\build-tools\34.0.0-rc1\lib\apksigner.jar'
[debug] &amp#27;[38;5;64m[ADB]&amp#27;[0m Starting apksigner: 'C:\\Program Files\\Java\\jdk-11\\bin\\java.exe' -Xmx1024M -Xss1m -jar C:\\Users\\mertk\\AppData\\Local\\Android\\Sdk\\build-tools\\34.0.0-rc1\\lib\\apksigner.jar verify --print-certs C:\\Users\\mertk\\.appium\\node_modules\\appium-uiautomator2-driver\\node_modules\\appium-uiautomator2-server\\apks\\appium-uiautomator2-server-v5.7.8.apk
[debug] &amp#27;[38;5;64m[ADB]&amp#27;[0m apksigner stdout: Signer #1 certificate DN: EMAILADDRESS=android@android.com, CN=Android, OU=Android, O=Android, L=Mountain View, ST=California, C=US
[debug] &amp#27;[38;5;64m[ADB]&amp#27;[0m Signer #1 certificate SHA-256 digest: a40da80a59d170caa950cf15c18c454d47a39b26989d8b640ecd745ba71bf5dc
[debug] &amp#27;[38;5;64m[ADB]&amp#27;[0m Signer #1 certificate SHA-1 digest: 61ed377e85d386a8dfee6b864bd85b0bfaa5af81
[debug] &amp#27;[38;5;64m[ADB]&amp#27;[0m Signer #1 certificate MD5 digest: e89b158e4bcf988ebd09eb83f5378e87
[debug] &amp#27;[38;5;64m[ADB]&amp#27;[0m 
[debug] &amp#27;[38;5;64m[ADB]&amp#27;[0m sha256 hash did match for 'appium-uiautomator2-server-v5.7.8.apk'
&amp#27;[38;5;64m[ADB]&amp#27;[0m 'C:\Users\mertk\.appium\node_modules\appium-uiautomator2-driver\node_modules\appium-uiautomator2-server\apks\appium-uiautomator2-server-v5.7.8.apk' is signed with the default certificate
[debug] &amp#27;[38;5;64m[ADB]&amp#27;[0m Getting install status for io.appium.uiautomator2.server.test
[debug] &amp#27;[38;5;64m[ADB]&amp#27;[0m Running 'C:\Users\mertk\AppData\Local\Android\Sdk\platform-tools\adb.exe -P 5037 -s emulator-5554 shell dumpsys package io.appium.uiautomator2.server.test'
[debug] &amp#27;[38;5;64m[ADB]&amp#27;[0m 'io.appium.uiautomator2.server.test' is installed
[debug] &amp#27;[38;5;64m[ADB]&amp#27;[0m Checking app cert for C:\Users\mertk\.appium\node_modules\appium-uiautomator2-driver\node_modules\appium-uiautomator2-server\apks\appium-uiautomator2-server-debug-androidTest.apk
[debug] &amp#27;[38;5;64m[ADB]&amp#27;[0m Starting apksigner: 'C:\\Program Files\\Java\\jdk-11\\bin\\java.exe' -Xmx1024M -Xss1m -jar C:\\Users\\mertk\\AppData\\Local\\Android\\Sdk\\build-tools\\34.0.0-rc1\\lib\\apksigner.jar verify --print-certs C:\\Users\\mertk\\.appium\\node_modules\\appium-uiautomator2-driver\\node_modules\\appium-uiautomator2-server\\apks\\appium-uiautomator2-server-debug-androidTest.apk
[debug] &amp#27;[38;5;64m[ADB]&amp#27;[0m apksigner stdout: Signer #1 certificate DN: EMAILADDRESS=android@android.com, CN=Android, OU=Android, O=Android, L=Mountain View, ST=California, C=US
[debug] &amp#27;[38;5;64m[ADB]&amp#27;[0m Signer #1 certificate SHA-256 digest: a40da80a59d170caa950cf15c18c454d47a39b26989d8b640ecd745ba71bf5dc
[debug] &amp#27;[38;5;64m[ADB]&amp#27;[0m Signer #1 certificate SHA-1 digest: 61ed377e85d386a8dfee6b864bd85b0bfaa5af81
[debug] &amp#27;[38;5;64m[ADB]&amp#27;[0m Signer #1 certificate MD5 digest: e89b158e4bcf988ebd09eb83f5378e87
[debug] &amp#27;[38;5;64m[ADB]&amp#27;[0m 
[debug] &amp#27;[38;5;64m[ADB]&amp#27;[0m sha256 hash did match for 'appium-uiautomator2-server-debug-androidTest.apk'
&amp#27;[38;5;64m[ADB]&amp#27;[0m 'C:\Users\mertk\.appium\node_modules\appium-uiautomator2-driver\node_modules\appium-uiautomator2-server\apks\appium-uiautomator2-server-debug-androidTest.apk' is signed with the default certificate
&amp#27;[38;5;32m[AndroidUiautomator2Driver@d8eb (26be48bf)]&amp#27;[0m Server packages are not going to be (re)installed
[debug] &amp#27;[38;5;32m[AndroidUiautomator2Driver@d8eb (26be48bf)]&amp#27;[0m Waiting up to 30000ms for services to be available
[debug] &amp#27;[38;5;64m[ADB]&amp#27;[0m Running 'C:\Users\mertk\AppData\Local\Android\Sdk\platform-tools\adb.exe -P 5037 -s emulator-5554 shell pm list instrumentation'
[debug] &amp#27;[38;5;32m[AndroidUiautomator2Driver@d8eb (26be48bf)]&amp#27;[0m Instrumentation target 'io.appium.uiautomator2.server.test/androidx.test.runner.AndroidJUnitRunner' is available
&amp#27;[38;5;64m[ADB]&amp#27;[0m Adding packages ["io.appium.settings","io.appium.uiautomator2.server","io.appium.uiautomator2.server.test"] to Doze whitelist
[debug] &amp#27;[38;5;64m[ADB]&amp#27;[0m Got the following command chunks to execute: [["dumpsys","deviceidle","whitelist","+io.appium.settings",";","dumpsys","deviceidle","whitelist","+io.appium.uiautomator2.server",";","dumpsys","deviceidle","whitelist","+io.appium.uiautomator2.server.test",";"]]
[debug] &amp#27;[38;5;64m[ADB]&amp#27;[0m Running 'C:\Users\mertk\AppData\Local\Android\Sdk\platform-tools\adb.exe -P 5037 -s emulator-5554 shell dumpsys deviceidle whitelist +io.appium.settings ; dumpsys deviceidle whitelist +io.appium.uiautomator2.server ; dumpsys deviceidle whitelist +io.appium.uiautomator2.server.test ;'
[debug] &amp#27;[38;5;64m[ADB]&amp#27;[0m Checking app cert for C:\Selenium-TestNG\AppiumFrameworkDesign\src\test\java\resources\General-Store.apk
[debug] &amp#27;[38;5;64m[ADB]&amp#27;[0m Starting apksigner: 'C:\\Program Files\\Java\\jdk-11\\bin\\java.exe' -Xmx1024M -Xss1m -jar C:\\Users\\mertk\\AppData\\Local\\Android\\Sdk\\build-tools\\34.0.0-rc1\\lib\\apksigner.jar verify --print-certs C:\\Selenium-TestNG\\AppiumFrameworkDesign\\src\\test\\java\\resources\\General-Store.apk
[debug] &amp#27;[38;5;64m[ADB]&amp#27;[0m apksigner stdout: Signer #1 certificate DN: C=US, O=Android, CN=Android Debug
[debug] &amp#27;[38;5;64m[ADB]&amp#27;[0m Signer #1 certificate SHA-256 digest: f5f5931c019be6bff8a26255f76ae9ef8a8e631d2a702ec10e91110231549eef
[debug] &amp#27;[38;5;64m[ADB]&amp#27;[0m Signer #1 certificate SHA-1 digest: b250161db8b5d0a1bd39154c9fd749bdad79c1a3
[debug] &amp#27;[38;5;64m[ADB]&amp#27;[0m Signer #1 certificate MD5 digest: 7a5550323d84472ca25a0861c63e0a6c
[debug] &amp#27;[38;5;64m[ADB]&amp#27;[0m 
&amp#27;[38;5;64m[ADB]&amp#27;[0m 'C:\Selenium-TestNG\AppiumFrameworkDesign\src\test\java\resources\General-Store.apk' is signed with a non-default certificate
[debug] &amp#27;[38;5;64m[ADB]&amp#27;[0m Getting install status for com.androidsample.generalstore
[debug] &amp#27;[38;5;64m[ADB]&amp#27;[0m Running 'C:\Users\mertk\AppData\Local\Android\Sdk\platform-tools\adb.exe -P 5037 -s emulator-5554 shell dumpsys package com.androidsample.generalstore'
[debug] &amp#27;[38;5;64m[ADB]&amp#27;[0m 'com.androidsample.generalstore' is installed
[debug] &amp#27;[38;5;64m[ADB]&amp#27;[0m Getting package info for 'com.androidsample.generalstore'
[debug] &amp#27;[38;5;64m[ADB]&amp#27;[0m Running 'C:\Users\mertk\AppData\Local\Android\Sdk\platform-tools\adb.exe -P 5037 -s emulator-5554 shell dumpsys package com.androidsample.generalstore'
[debug] &amp#27;[38;5;64m[ADB]&amp#27;[0m The version name of the installed 'com.androidsample.generalstore' is greater or equal to the application version name ('1.0.0' >= '1.0.0')
[debug] &amp#27;[38;5;64m[ADB]&amp#27;[0m There is no need to install/upgrade 'C:\Selenium-TestNG\AppiumFrameworkDesign\src\test\java\resources\General-Store.apk'
&amp#27;[38;5;80m[AndroidDriver]&amp#27;[0m Performing fast reset on 'com.androidsample.generalstore'
[debug] &amp#27;[38;5;64m[ADB]&amp#27;[0m Getting install status for com.androidsample.generalstore
[debug] &amp#27;[38;5;64m[ADB]&amp#27;[0m Running 'C:\Users\mertk\AppData\Local\Android\Sdk\platform-tools\adb.exe -P 5037 -s emulator-5554 shell dumpsys package com.androidsample.generalstore'
[debug] &amp#27;[38;5;64m[ADB]&amp#27;[0m 'com.androidsample.generalstore' is installed
[debug] &amp#27;[38;5;64m[ADB]&amp#27;[0m Running 'C:\Users\mertk\AppData\Local\Android\Sdk\platform-tools\adb.exe -P 5037 -s emulator-5554 shell am force-stop com.androidsample.generalstore'
[debug] &amp#27;[38;5;64m[ADB]&amp#27;[0m Running 'C:\Users\mertk\AppData\Local\Android\Sdk\platform-tools\adb.exe -P 5037 -s emulator-5554 shell pm clear com.androidsample.generalstore'
[debug] &amp#27;[38;5;80m[AndroidDriver]&amp#27;[0m Performed fast reset on the installed 'com.androidsample.generalstore' application (stop and clear)
[debug] &amp#27;[38;5;32m[AndroidUiautomator2Driver@d8eb (26be48bf)]&amp#27;[0m Performing shallow cleanup of automation leftovers
[debug] &amp#27;[38;5;32m[AndroidUiautomator2Driver@d8eb (26be48bf)]&amp#27;[0m No obsolete sessions have been detected (socket hang up)
[debug] &amp#27;[38;5;64m[ADB]&amp#27;[0m Running 'C:\Users\mertk\AppData\Local\Android\Sdk\platform-tools\adb.exe -P 5037 -s emulator-5554 shell am force-stop io.appium.uiautomator2.server.test'
&amp#27;[38;5;32m[AndroidUiautomator2Driver@d8eb (26be48bf)]&amp#27;[0m Starting UIAutomator2 server 5.7.8
&amp#27;[38;5;32m[AndroidUiautomator2Driver@d8eb (26be48bf)]&amp#27;[0m Using UIAutomator2 server from 'C:\Users\mertk\.appium\node_modules\appium-uiautomator2-driver\node_modules\appium-uiautomator2-server\apks\appium-uiautomator2-server-v5.7.8.apk' and test from 'C:\Users\mertk\.appium\node_modules\appium-uiautomator2-driver\node_modules\appium-uiautomator2-server\apks\appium-uiautomator2-server-debug-androidTest.apk'
&amp#27;[38;5;32m[AndroidUiautomator2Driver@d8eb (26be48bf)]&amp#27;[0m Waiting up to 30000ms for UiAutomator2 to be online...
[debug] &amp#27;[38;5;64m[ADB]&amp#27;[0m Creating ADB subprocess with args: ["-P",5037,"-s","emulator-5554","shell","am","instrument","-w","-e","disableAnalytics",true,"io.appium.uiautomator2.server.test/androidx.test.runner.AndroidJUnitRunner"]
[debug] &amp#27;[38;5;32m[AndroidUiautomator2Driver@d8eb (26be48bf)]&amp#27;[0m Matched '/status' to command name 'getStatus'
[debug] &amp#27;[38;5;32m[AndroidUiautomator2Driver@d8eb (26be48bf)]&amp#27;[0m Proxying [GET /status] to [GET http://127.0.0.1:8200/status] with no body
&amp#27;[38;5;32m[AndroidUiautomator2Driver@d8eb (26be48bf)]&amp#27;[0m socket hang up
[debug] &amp#27;[38;5;112m[Instrumentation]&amp#27;[0m io.appium.uiautomator2.server.test.AppiumUiAutomator2Server:
[debug] &amp#27;[38;5;32m[AndroidUiautomator2Driver@d8eb (26be48bf)]&amp#27;[0m Matched '/status' to command name 'getStatus'
[debug] &amp#27;[38;5;32m[AndroidUiautomator2Driver@d8eb (26be48bf)]&amp#27;[0m Proxying [GET /status] to [GET http://127.0.0.1:8200/status] with no body
&amp#27;[38;5;32m[AndroidUiautomator2Driver@d8eb (26be48bf)]&amp#27;[0m socket hang up
[debug] &amp#27;[38;5;32m[AndroidUiautomator2Driver@d8eb (26be48bf)]&amp#27;[0m Matched '/status' to command name 'getStatus'
[debug] &amp#27;[38;5;32m[AndroidUiautomator2Driver@d8eb (26be48bf)]&amp#27;[0m Proxying [GET /status] to [GET http://127.0.0.1:8200/status] with no body
[debug] &amp#27;[38;5;32m[AndroidUiautomator2Driver@d8eb (26be48bf)]&amp#27;[0m Got response with status 200: {"sessionId":"None","value":{"message":"UiAutomator2 Server is ready to accept commands","ready":true}}
[debug] &amp#27;[38;5;32m[AndroidUiautomator2Driver@d8eb (26be48bf)]&amp#27;[0m The initialization of the instrumentation process took 2142ms
[debug] &amp#27;[38;5;32m[AndroidUiautomator2Driver@d8eb (26be48bf)]&amp#27;[0m Matched '/session' to command name 'createSession'
[debug] &amp#27;[38;5;32m[AndroidUiautomator2Driver@d8eb (26be48bf)]&amp#27;[0m Proxying [POST /session] to [POST http://127.0.0.1:8200/session] with body: {"capabilities":{"firstMatch":[{"platform":"LINUX","webStorageEnabled":false,"takesScreenshot":true,"javascriptEnabled":true,"databaseEnabled":false,"networkConnectionEnabled":true,"locationContextEnabled":false,"warnings":{},"desired":{"platformName":"android","app":"C:\\Selenium-TestNG\\AppiumFrameworkDesign\\src\\test\\java\\resources\\General-Store.apk","automationName":"UIAutomator2","chromedriverExecutable":"C:\\asd\\chromedriver103\\chromedriver.exe","deviceName":"m"},"platformName":"android","app":"C:\\Selenium-TestNG\\AppiumFrameworkDesign\\src\\test\\java\\resources\\General-Store.apk","automationName":"UIAutomator2","chromedriverExecutable":"C:\\asd\\chromedriver103\\chromedriver.exe","deviceName":"emulator-5554","deviceUDID":"emulator-5554","appPackage":"com.androidsample.generalstore"}],"alwaysMatch":{}}}
[debug] &amp#27;[38;5;32m[AndroidUiautomator2Driver@d8eb (26be48bf)]&amp#27;[0m Got response with status 200: {"sessionId":"a85c01ee-ac2f-45a7-a938-3056a0dadbb4","value":{"capabilities":{"firstMatch":[{"platform":"LINUX","webStorageEnabled":false,"takesScreenshot":true,"javascriptEnabled":true,"databaseEnabled":false,"networkConnectionEnabled":true,"locationContextEnabled":false,"warnings":{},"desired":{"platformName":"android","app":"C:\\Selenium-TestNG\\AppiumFrameworkDesign\\src\\test\\java\\resources\\General-Store.apk","automationName":"UIAutomator2","chromedriverExecutable":"C:\\asd\\chromedriver103\\chromedriver.exe","deviceName":"m"},"platformName":"android","app":"C:\\Selenium-TestNG\\AppiumFrameworkDesign\\src\\test\\java\\resources\\General-Store.apk","automationName":"UIAutomator2","chromedriverExecutable":"C:\\asd\\chromedriver103\\chromedriver.exe","deviceName":"emulator-5554","deviceUDID":"emulator-5554","appPackage":"com.androidsample.generalstore"}],"alwaysMatch":{}},"sessionId":"a85c01ee-ac2f-45a7-a938-3056a0dadbb4"}}
&amp#27;[38;5;32m[AndroidUiautomator2Driver@d8eb (26be48bf)]&amp#27;[0m Determined the downstream protocol as 'W3C'
[debug] &amp#27;[38;5;32m[AndroidUiautomator2Driver@d8eb (26be48bf)]&amp#27;[0m Proxying [GET /appium/device/info] to [GET http://127.0.0.1:8200/session/a85c01ee-ac2f-45a7-a938-3056a0dadbb4/appium/device/info] with no body
[debug] &amp#27;[38;5;32m[AndroidUiautomator2Driver@d8eb (26be48bf)]&amp#27;[0m Got response with status 200: {"sessionId":"a85c01ee-ac2f-45a7-a938-3056a0dadbb4","value":{"androidId":"3e427bb906d05137","apiVersion":"31","bluetooth":{"state":"OFF"},"brand":"google","carrierName":"T-Mobile","displayDensity":420,"locale":"en_US","manufacturer":"Google","model":"sdk_gphone64_x86_64","networks":[{"capabilities":{"SSID":null,"linkDownBandwidthKbps":30000,"linkUpstreamBandwidthKbps":12000,"networkCapabilities":"NET_CAPABILITY_NOT_METERED,NET_CAPABILITY_INTERNET,NET_CAPABILITY_NOT_RESTRICTED,NET_CAPABILITY_TRUSTED,NET_CAPABILITY_NOT_VPN,NET_CAPABILITY_VALIDATED,NET_CAPABILITY_NOT_ROAMING,NET_CAPABILITY_FOREGROUND,NET_CAPABILITY_NOT_CONGESTED,NET_CAPABILITY_NOT_SUSPENDED","signalStrength":-50,"transportTypes":"TRANSPORT_WIFI"},"detailedState":"CONNECTED","extraInfo":"","isAvailable":true,"isConnected":true,"isFailover":false,"isRoaming":false,"state":"CONNECTED","subtype":-1,"subtypeName":"","type":1,"typeName":"WIFI"},{"capabilities":{"SSID":null,"linkDownBandwidthKbps":4300,"linkUpstreamBandwidthKbps":1800,"networkCapabi...
[debug] &amp#27;[38;5;64m[ADB]&amp#27;[0m Running 'C:\Users\mertk\AppData\Local\Android\Sdk\platform-tools\adb.exe -P 5037 -s emulator-5554 shell dumpsys window'
&amp#27;[38;5;80m[AndroidDriver]&amp#27;[0m Screen already unlocked, doing nothing
&amp#27;[38;5;32m[AndroidUiautomator2Driver@d8eb (26be48bf)]&amp#27;[0m Starting 'com.androidsample.generalstore/com.androidsample.generalstore.SplashActivity and waiting for 'com.androidsample.generalstore/com.androidsample.generalstore.SplashActivity'
[debug] &amp#27;[38;5;64m[ADB]&amp#27;[0m Running 'C:\Users\mertk\AppData\Local\Android\Sdk\platform-tools\adb.exe -P 5037 -s emulator-5554 shell am start -W -n com.androidsample.generalstore/com.androidsample.generalstore.SplashActivity -S -a android.intent.action.MAIN -c android.intent.category.LAUNCHER -f 0x10200000'
[debug] &amp#27;[38;5;64m[ADB]&amp#27;[0m Waiting up to 20000ms for activity matching pkg: 'com.androidsample.generalstore' and activity: 'com.androidsample.generalstore.SplashActivity' to be focused
[debug] &amp#27;[38;5;64m[ADB]&amp#27;[0m Possible activities, to be checked: 'com.androidsample.generalstore.SplashActivity', 'com.androidsample.generalstore.com.androidsample.generalstore.SplashActivity'
[debug] &amp#27;[38;5;64m[ADB]&amp#27;[0m Getting focused package and activity
[debug] &amp#27;[38;5;64m[ADB]&amp#27;[0m Running 'C:\Users\mertk\AppData\Local\Android\Sdk\platform-tools\adb.exe -P 5037 -s emulator-5554 shell dumpsys window displays'
[debug] &amp#27;[38;5;64m[ADB]&amp#27;[0m Found package: 'com.androidsample.generalstore' and fully qualified activity name : 'com.androidsample.generalstore.SplashActivity'
[debug] &amp#27;[38;5;32m[AndroidUiautomator2Driver@d8eb (26be48bf)]&amp#27;[0m Proxying [GET /appium/device/pixel_ratio] to [GET http://127.0.0.1:8200/session/a85c01ee-ac2f-45a7-a938-3056a0dadbb4/appium/device/pixel_ratio] with no body
[debug] &amp#27;[38;5;32m[AndroidUiautomator2Driver@d8eb (26be48bf)]&amp#27;[0m Got response with status 200: {"sessionId":"a85c01ee-ac2f-45a7-a938-3056a0dadbb4","value":2.625}
[debug] &amp#27;[38;5;32m[AndroidUiautomator2Driver@d8eb (26be48bf)]&amp#27;[0m Matched '/appium/device/system_bars' to command name 'getSystemBars'
[debug] &amp#27;[38;5;32m[AndroidUiautomator2Driver@d8eb (26be48bf)]&amp#27;[0m Proxying [GET /appium/device/system_bars] to [GET http://127.0.0.1:8200/session/a85c01ee-ac2f-45a7-a938-3056a0dadbb4/appium/device/system_bars] with no body
[debug] &amp#27;[38;5;32m[AndroidUiautomator2Driver@d8eb (26be48bf)]&amp#27;[0m Got response with status 200: {"sessionId":"a85c01ee-ac2f-45a7-a938-3056a0dadbb4","value":{"statusBar":63}}
[debug] &amp#27;[38;5;32m[AndroidUiautomator2Driver@d8eb (26be48bf)]&amp#27;[0m Matched '/window/current/size' to command name 'getWindowSize'
[debug] &amp#27;[38;5;32m[AndroidUiautomator2Driver@d8eb (26be48bf)]&amp#27;[0m Proxying [GET /window/current/size] to [GET http://127.0.0.1:8200/session/a85c01ee-ac2f-45a7-a938-3056a0dadbb4/window/current/size] with no body
[debug] &amp#27;[38;5;32m[AndroidUiautomator2Driver@d8eb (26be48bf)]&amp#27;[0m Got response with status 200: {"sessionId":"a85c01ee-ac2f-45a7-a938-3056a0dadbb4","value":{"height":1794,"width":1080}}
&amp#27;[38;5;16m[AppiumDriver@330b]&amp#27;[0m New AndroidUiautomator2Driver session created successfully, session 26be48bf-54a7-4e5a-b0d8-678f43b769b8 added to master session list
[debug] &amp#27;[38;5;16m[AppiumDriver@330b]&amp#27;[0m Event 'newSessionStarted' logged at 1678042640835 (21:57:20 GMT+0300 (GMT+03:00))
[debug] &amp#27;[38;5;32m[AndroidUiautomator2Driver@d8eb (26be48bf)]&amp#27;[0m Cached the protocol value 'W3C' for the new session 26be48bf-54a7-4e5a-b0d8-678f43b769b8
[debug] &amp#27;[38;5;32m[AndroidUiautomator2Driver@d8eb (26be48bf)]&amp#27;[0m Responding to client with driver.createSession() result: {"capabilities":{"platform":"LINUX","webStorageEnabled":false,"takesScreenshot":true,"javascriptEnabled":true,"databaseEnabled":false,"networkConnectionEnabled":true,"locationContextEnabled":false,"warnings":{},"desired":{"platformName":"android","app":"C:\\Selenium-TestNG\\AppiumFrameworkDesign\\src\\test\\java\\resources\\General-Store.apk","automationName":"UIAutomator2","chromedriverExecutable":"C:\\asd\\chromedriver103\\chromedriver.exe","deviceName":"m"},"platformName":"android","app":"C:\\Selenium-TestNG\\AppiumFrameworkDesign\\src\\test\\java\\resources\\General-Store.apk","automationName":"UIAutomator2","chromedriverExecutable":"C:\\asd\\chromedriver103\\chromedriver.exe","deviceName":"emulator-5554","deviceUDID":"emulator-5554","appPackage":"com.androidsample.generalstore","deviceApiLevel":31,"platformVersion":"12","deviceScreenSize":"1080x1920","deviceScreenDensity":420,"deviceModel":"sdk_gphone64_x86_64","deviceManufacturer":"Google","pixelRatio":2.625,"statBarHeight":63,"viewportRect":{"left":...
&amp#27;[38;5;0m[HTTP]&amp#27;[0m &amp#27;[37m<-- POST /session &amp#27;[39m&amp#27;[32m200&amp#27;[39m &amp#27;[90m7613 ms - 1122&amp#27;[39m
&amp#27;[38;5;0m[HTTP]&amp#27;[0m &amp#27;[90m&amp#27;[39m
&amp#27;[38;5;0m[HTTP]&amp#27;[0m &amp#27;[37m-->&amp#27;[39m &amp#27;[37mPOST&amp#27;[39m &amp#27;[37m/session/26be48bf-54a7-4e5a-b0d8-678f43b769b8/timeouts&amp#27;[39m
&amp#27;[38;5;0m[HTTP]&amp#27;[0m &amp#27;[90m{"implicit":5000}&amp#27;[39m
[debug] &amp#27;[38;5;32m[AndroidUiautomator2Driver@d8eb (26be48bf)]&amp#27;[0m Calling AppiumDriver.timeouts() with args: [null,null,null,null,5000,"26be48bf-54a7-4e5a-b0d8-678f43b769b8"]
[debug] &amp#27;[38;5;32m[AndroidUiautomator2Driver@d8eb (26be48bf)]&amp#27;[0m W3C timeout argument: {"implicit":5000}}
[debug] &amp#27;[38;5;32m[AndroidUiautomator2Driver@d8eb (26be48bf)]&amp#27;[0m Set implicit wait to 5000ms
[debug] &amp#27;[38;5;32m[AndroidUiautomator2Driver@d8eb (26be48bf)]&amp#27;[0m Responding to client with driver.timeouts() result: null
&amp#27;[38;5;0m[HTTP]&amp#27;[0m &amp#27;[37m<-- POST /session/26be48bf-54a7-4e5a-b0d8-678f43b769b8/timeouts &amp#27;[39m&amp#27;[32m200&amp#27;[39m &amp#27;[90m6 ms - 14&amp#27;[39m
&amp#27;[38;5;0m[HTTP]&amp#27;[0m &amp#27;[90m&amp#27;[39m
&amp#27;[38;5;0m[HTTP]&amp#27;[0m &amp#27;[37m-->&amp#27;[39m &amp#27;[37mPOST&amp#27;[39m &amp#27;[37m/session/26be48bf-54a7-4e5a-b0d8-678f43b769b8/appium/device/start_activity&amp#27;[39m
&amp#27;[38;5;0m[HTTP]&amp#27;[0m &amp#27;[90m{"appPackage":"com.androidsample.generalstore","appActivity":"com.androidsample.generalstore.MainActivity","appWaitPackage":"","appWaitActivity":"","dontStopAppOnReset":false,"intentAction":"","intentCategory":"","intentFlags":"","optionalIntentArguments":""}&amp#27;[39m
[debug] &amp#27;[38;5;32m[AndroidUiautomator2Driver@d8eb (26be48bf)]&amp#27;[0m Calling AppiumDriver.startActivity() with args: ["com.androidsample.generalstore","com.androidsample.generalstore.MainActivity","","","","","","",false,null,null,"26be48bf-54a7-4e5a-b0d8-678f43b769b8"]
[debug] &amp#27;[38;5;32m[AndroidUiautomator2Driver@d8eb (26be48bf)]&amp#27;[0m Starting package 'com.androidsample.generalstore' and activity 'com.androidsample.generalstore.MainActivity'
[debug] &amp#27;[38;5;64m[ADB]&amp#27;[0m Running 'C:\Users\mertk\AppData\Local\Android\Sdk\platform-tools\adb.exe -P 5037 -s emulator-5554 shell am start -W -n com.androidsample.generalstore/com.androidsample.generalstore.MainActivity -S'
[debug] &amp#27;[38;5;64m[ADB]&amp#27;[0m Waiting up to 20000ms for activity matching pkg: 'com.androidsample.generalstore' and activity: 'com.androidsample.generalstore.MainActivity' to be focused
[debug] &amp#27;[38;5;64m[ADB]&amp#27;[0m Possible activities, to be checked: 'com.androidsample.generalstore.MainActivity', 'com.androidsample.generalstore.com.androidsample.generalstore.MainActivity'
[debug] &amp#27;[38;5;64m[ADB]&amp#27;[0m Getting focused package and activity
[debug] &amp#27;[38;5;64m[ADB]&amp#27;[0m Running 'C:\Users\mertk\AppData\Local\Android\Sdk\platform-tools\adb.exe -P 5037 -s emulator-5554 shell dumpsys window displays'
[debug] &amp#27;[38;5;64m[ADB]&amp#27;[0m Found package: 'com.androidsample.generalstore' and fully qualified activity name : 'com.androidsample.generalstore.MainActivity'
[debug] &amp#27;[38;5;32m[AndroidUiautomator2Driver@d8eb (26be48bf)]&amp#27;[0m Responding to client with driver.startActivity() result: null
&amp#27;[38;5;0m[HTTP]&amp#27;[0m &amp#27;[37m<-- POST /session/26be48bf-54a7-4e5a-b0d8-678f43b769b8/appium/device/start_activity &amp#27;[39m&amp#27;[32m200&amp#27;[39m &amp#27;[90m2902 ms - 14&amp#27;[39m
&amp#27;[38;5;0m[HTTP]&amp#27;[0m &amp#27;[90m&amp#27;[39m
&amp#27;[38;5;0m[HTTP]&amp#27;[0m &amp#27;[37m-->&amp#27;[39m &amp#27;[37mGET&amp#27;[39m &amp#27;[37m/session/26be48bf-54a7-4e5a-b0d8-678f43b769b8/context&amp#27;[39m
&amp#27;[38;5;0m[HTTP]&amp#27;[0m &amp#27;[90m{}&amp#27;[39m
[debug] &amp#27;[38;5;32m[AndroidUiautomator2Driver@d8eb (26be48bf)]&amp#27;[0m Calling AppiumDriver.getCurrentContext() with args: ["26be48bf-54a7-4e5a-b0d8-678f43b769b8"]
[debug] &amp#27;[38;5;32m[AndroidUiautomator2Driver@d8eb (26be48bf)]&amp#27;[0m Responding to client with driver.getCurrentContext() result: "NATIVE_APP"
&amp#27;[38;5;0m[HTTP]&amp#27;[0m &amp#27;[37m<-- GET /session/26be48bf-54a7-4e5a-b0d8-678f43b769b8/context &amp#27;[39m&amp#27;[32m200&amp#27;[39m &amp#27;[90m7 ms - 22&amp#27;[39m
&amp#27;[38;5;0m[HTTP]&amp#27;[0m &amp#27;[90m&amp#27;[39m
&amp#27;[38;5;0m[HTTP]&amp#27;[0m &amp#27;[37m-->&amp#27;[39m &amp#27;[37mPOST&amp#27;[39m &amp#27;[37m/session/26be48bf-54a7-4e5a-b0d8-678f43b769b8/element&amp#27;[39m
&amp#27;[38;5;0m[HTTP]&amp#27;[0m &amp#27;[90m{"using":"id","value":"com.androidsample.generalstore:id/nameField"}&amp#27;[39m
[debug] &amp#27;[38;5;32m[AndroidUiautomator2Driver@d8eb (26be48bf)]&amp#27;[0m Calling AppiumDriver.findElement() with args: ["id","com.androidsample.generalstore:id/nameField","26be48bf-54a7-4e5a-b0d8-678f43b769b8"]
[debug] &amp#27;[38;5;32m[AndroidUiautomator2Driver@d8eb (26be48bf)]&amp#27;[0m Valid locator strategies for this request: xpath, id, class name, accessibility id, css selector, -android uiautomator
[debug] &amp#27;[38;5;32m[AndroidUiautomator2Driver@d8eb (26be48bf)]&amp#27;[0m Waiting up to 5000 ms for condition
[debug] &amp#27;[38;5;32m[AndroidUiautomator2Driver@d8eb (26be48bf)]&amp#27;[0m Matched '/element' to command name 'findElement'
[debug] &amp#27;[38;5;32m[AndroidUiautomator2Driver@d8eb (26be48bf)]&amp#27;[0m Proxying [POST /element] to [POST http://127.0.0.1:8200/session/a85c01ee-ac2f-45a7-a938-3056a0dadbb4/element] with body: {"strategy":"id","selector":"com.androidsample.generalstore:id/nameField","context":"","multiple":false}
[debug] &amp#27;[38;5;32m[AndroidUiautomator2Driver@d8eb (26be48bf)]&amp#27;[0m Got response with status 200: {"sessionId":"a85c01ee-ac2f-45a7-a938-3056a0dadbb4","value":{"ELEMENT":"00000000-0000-0110-ffff-ffff00000013","element-6066-11e4-a52e-4f735466cecf":"00000000-0000-0110-ffff-ffff00000013"}}
[debug] &amp#27;[38;5;32m[AndroidUiautomator2Driver@d8eb (26be48bf)]&amp#27;[0m Responding to client with driver.findElement() result: {"element-6066-11e4-a52e-4f735466cecf":"00000000-0000-0110-ffff-ffff00000013","ELEMENT":"00000000-0000-0110-ffff-ffff00000013"}
&amp#27;[38;5;0m[HTTP]&amp#27;[0m &amp#27;[37m<-- POST /session/26be48bf-54a7-4e5a-b0d8-678f43b769b8/element &amp#27;[39m&amp#27;[32m200&amp#27;[39m &amp#27;[90m461 ms - 137&amp#27;[39m
&amp#27;[38;5;0m[HTTP]&amp#27;[0m &amp#27;[90m&amp#27;[39m
&amp#27;[38;5;0m[HTTP]&amp#27;[0m &amp#27;[37m-->&amp#27;[39m &amp#27;[37mPOST&amp#27;[39m &amp#27;[37m/session/26be48bf-54a7-4e5a-b0d8-678f43b769b8/element/00000000-0000-0110-ffff-ffff00000013/value&amp#27;[39m
&amp#27;[38;5;0m[HTTP]&amp#27;[0m &amp#27;[90m{"id":"00000000-0000-0110-ffff-ffff00000013","text":"RÃ¼meysa","value":["R","Ã¼","m","e","y","s","a"]}&amp#27;[39m
[debug] &amp#27;[38;5;32m[AndroidUiautomator2Driver@d8eb (26be48bf)]&amp#27;[0m Calling AppiumDriver.setValue() with args: [["R","Ã¼","m","e","y","s","a"],"00000000-0000-0110-ffff-ffff00000013","26be48bf-54a7-4e5a-b0d8-678f43b769b8"]
[debug] &amp#27;[38;5;32m[AndroidUiautomator2Driver@d8eb (26be48bf)]&amp#27;[0m Matched '/element/00000000-0000-0110-ffff-ffff00000013/value' to command name 'setValue'
[debug] &amp#27;[38;5;32m[AndroidUiautomator2Driver@d8eb (26be48bf)]&amp#27;[0m Added 'value' property ["R","Ã¼","m","e","y","s","a"] to 'setValue' request body
[debug] &amp#27;[38;5;32m[AndroidUiautomator2Driver@d8eb (26be48bf)]&amp#27;[0m Proxying [POST /element/00000000-0000-0110-ffff-ffff00000013/value] to [POST http://127.0.0.1:8200/session/a85c01ee-ac2f-45a7-a938-3056a0dadbb4/element/00000000-0000-0110-ffff-ffff00000013/value] with body: {"elementId":"00000000-0000-0110-ffff-ffff00000013","text":"RÃ¼meysa","replace":false,"value":["R","Ã¼","m","e","y","s","a"]}
[debug] &amp#27;[38;5;32m[AndroidUiautomator2Driver@d8eb (26be48bf)]&amp#27;[0m Got response with status 200: {"sessionId":"a85c01ee-ac2f-45a7-a938-3056a0dadbb4","value":null}
[debug] &amp#27;[38;5;32m[AndroidUiautomator2Driver@d8eb (26be48bf)]&amp#27;[0m Responding to client with driver.setValue() result: null
&amp#27;[38;5;0m[HTTP]&amp#27;[0m &amp#27;[37m<-- POST /session/26be48bf-54a7-4e5a-b0d8-678f43b769b8/element/00000000-0000-0110-ffff-ffff00000013/value &amp#27;[39m&amp#27;[32m200&amp#27;[39m &amp#27;[90m168 ms - 14&amp#27;[39m
&amp#27;[38;5;0m[HTTP]&amp#27;[0m &amp#27;[90m&amp#27;[39m
&amp#27;[38;5;0m[HTTP]&amp#27;[0m &amp#27;[37m-->&amp#27;[39m &amp#27;[37mPOST&amp#27;[39m &amp#27;[37m/session/26be48bf-54a7-4e5a-b0d8-678f43b769b8/appium/device/hide_keyboard&amp#27;[39m
&amp#27;[38;5;0m[HTTP]&amp#27;[0m &amp#27;[90m{}&amp#27;[39m
[debug] &amp#27;[38;5;32m[AndroidUiautomator2Driver@d8eb (26be48bf)]&amp#27;[0m Calling AppiumDriver.hideKeyboard() with args: [null,null,null,null,"26be48bf-54a7-4e5a-b0d8-678f43b769b8"]
[debug] &amp#27;[38;5;64m[ADB]&amp#27;[0m Running 'C:\Users\mertk\AppData\Local\Android\Sdk\platform-tools\adb.exe -P 5037 -s emulator-5554 shell dumpsys input_method'
&amp#27;[38;5;64m[ADB]&amp#27;[0m Keyboard has no UI; no closing necessary
[debug] &amp#27;[38;5;32m[AndroidUiautomator2Driver@d8eb (26be48bf)]&amp#27;[0m Responding to client with driver.hideKeyboard() result: false
&amp#27;[38;5;0m[HTTP]&amp#27;[0m &amp#27;[37m<-- POST /session/26be48bf-54a7-4e5a-b0d8-678f43b769b8/appium/device/hide_keyboard &amp#27;[39m&amp#27;[32m200&amp#27;[39m &amp#27;[90m271 ms - 15&amp#27;[39m
&amp#27;[38;5;0m[HTTP]&amp#27;[0m &amp#27;[90m&amp#27;[39m
&amp#27;[38;5;0m[HTTP]&amp#27;[0m &amp#27;[37m-->&amp#27;[39m &amp#27;[37mGET&amp#27;[39m &amp#27;[37m/session/26be48bf-54a7-4e5a-b0d8-678f43b769b8/context&amp#27;[39m
&amp#27;[38;5;0m[HTTP]&amp#27;[0m &amp#27;[90m{}&amp#27;[39m
[debug] &amp#27;[38;5;32m[AndroidUiautomator2Driver@d8eb (26be48bf)]&amp#27;[0m Calling AppiumDriver.getCurrentContext() with args: ["26be48bf-54a7-4e5a-b0d8-678f43b769b8"]
[debug] &amp#27;[38;5;32m[AndroidUiautomator2Driver@d8eb (26be48bf)]&amp#27;[0m Responding to client with driver.getCurrentContext() result: "NATIVE_APP"
&amp#27;[38;5;0m[HTTP]&amp#27;[0m &amp#27;[37m<-- GET /session/26be48bf-54a7-4e5a-b0d8-678f43b769b8/context &amp#27;[39m&amp#27;[32m200&amp#27;[39m &amp#27;[90m2 ms - 22&amp#27;[39m
&amp#27;[38;5;0m[HTTP]&amp#27;[0m &amp#27;[90m&amp#27;[39m
&amp#27;[38;5;0m[HTTP]&amp#27;[0m &amp#27;[37m-->&amp#27;[39m &amp#27;[37mPOST&amp#27;[39m &amp#27;[37m/session/26be48bf-54a7-4e5a-b0d8-678f43b769b8/element&amp#27;[39m
&amp#27;[38;5;0m[HTTP]&amp#27;[0m &amp#27;[90m{"using":"id","value":"com.androidsample.generalstore:id/radioFemale"}&amp#27;[39m
[debug] &amp#27;[38;5;32m[AndroidUiautomator2Driver@d8eb (26be48bf)]&amp#27;[0m Calling AppiumDriver.findElement() with args: ["id","com.androidsample.generalstore:id/radioFemale","26be48bf-54a7-4e5a-b0d8-678f43b769b8"]
[debug] &amp#27;[38;5;32m[AndroidUiautomator2Driver@d8eb (26be48bf)]&amp#27;[0m Valid locator strategies for this request: xpath, id, class name, accessibility id, css selector, -android uiautomator
[debug] &amp#27;[38;5;32m[AndroidUiautomator2Driver@d8eb (26be48bf)]&amp#27;[0m Waiting up to 5000 ms for condition
[debug] &amp#27;[38;5;32m[AndroidUiautomator2Driver@d8eb (26be48bf)]&amp#27;[0m Matched '/element' to command name 'findElement'
[debug] &amp#27;[38;5;32m[AndroidUiautomator2Driver@d8eb (26be48bf)]&amp#27;[0m Proxying [POST /element] to [POST http://127.0.0.1:8200/session/a85c01ee-ac2f-45a7-a938-3056a0dadbb4/element] with body: {"strategy":"id","selector":"com.androidsample.generalstore:id/radioFemale","context":"","multiple":false}
[debug] &amp#27;[38;5;32m[AndroidUiautomator2Driver@d8eb (26be48bf)]&amp#27;[0m Got response with status 200: {"sessionId":"a85c01ee-ac2f-45a7-a938-3056a0dadbb4","value":{"ELEMENT":"00000000-0000-0110-ffff-ffff00000017","element-6066-11e4-a52e-4f735466cecf":"00000000-0000-0110-ffff-ffff00000017"}}
[debug] &amp#27;[38;5;32m[AndroidUiautomator2Driver@d8eb (26be48bf)]&amp#27;[0m Responding to client with driver.findElement() result: {"element-6066-11e4-a52e-4f735466cecf":"00000000-0000-0110-ffff-ffff00000017","ELEMENT":"00000000-0000-0110-ffff-ffff00000017"}
&amp#27;[38;5;0m[HTTP]&amp#27;[0m &amp#27;[37m<-- POST /session/26be48bf-54a7-4e5a-b0d8-678f43b769b8/element &amp#27;[39m&amp#27;[32m200&amp#27;[39m &amp#27;[90m215 ms - 137&amp#27;[39m
&amp#27;[38;5;0m[HTTP]&amp#27;[0m &amp#27;[90m&amp#27;[39m
&amp#27;[38;5;0m[HTTP]&amp#27;[0m &amp#27;[37m-->&amp#27;[39m &amp#27;[37mPOST&amp#27;[39m &amp#27;[37m/session/26be48bf-54a7-4e5a-b0d8-678f43b769b8/element/00000000-0000-0110-ffff-ffff00000017/click&amp#27;[39m
&amp#27;[38;5;0m[HTTP]&amp#27;[0m &amp#27;[90m{"id":"00000000-0000-0110-ffff-ffff00000017"}&amp#27;[39m
[debug] &amp#27;[38;5;32m[AndroidUiautomator2Driver@d8eb (26be48bf)]&amp#27;[0m Calling AppiumDriver.click() with args: ["00000000-0000-0110-ffff-ffff00000017","26be48bf-54a7-4e5a-b0d8-678f43b769b8"]
[debug] &amp#27;[38;5;32m[AndroidUiautomator2Driver@d8eb (26be48bf)]&amp#27;[0m Matched '/element/00000000-0000-0110-ffff-ffff00000017/click' to command name 'click'
[debug] &amp#27;[38;5;32m[AndroidUiautomator2Driver@d8eb (26be48bf)]&amp#27;[0m Proxying [POST /element/00000000-0000-0110-ffff-ffff00000017/click] to [POST http://127.0.0.1:8200/session/a85c01ee-ac2f-45a7-a938-3056a0dadbb4/element/00000000-0000-0110-ffff-ffff00000017/click] with body: {"element":"00000000-0000-0110-ffff-ffff00000017"}
[debug] &amp#27;[38;5;32m[AndroidUiautomator2Driver@d8eb (26be48bf)]&amp#27;[0m Got response with status 200: {"sessionId":"a85c01ee-ac2f-45a7-a938-3056a0dadbb4","value":null}
[debug] &amp#27;[38;5;32m[AndroidUiautomator2Driver@d8eb (26be48bf)]&amp#27;[0m Responding to client with driver.click() result: null
&amp#27;[38;5;0m[HTTP]&amp#27;[0m &amp#27;[37m<-- POST /session/26be48bf-54a7-4e5a-b0d8-678f43b769b8/element/00000000-0000-0110-ffff-ffff00000017/click &amp#27;[39m&amp#27;[32m200&amp#27;[39m &amp#27;[90m58 ms - 14&amp#27;[39m
&amp#27;[38;5;0m[HTTP]&amp#27;[0m &amp#27;[90m&amp#27;[39m
&amp#27;[38;5;0m[HTTP]&amp#27;[0m &amp#27;[37m-->&amp#27;[39m &amp#27;[37mGET&amp#27;[39m &amp#27;[37m/session/26be48bf-54a7-4e5a-b0d8-678f43b769b8/context&amp#27;[39m
&amp#27;[38;5;0m[HTTP]&amp#27;[0m &amp#27;[90m{}&amp#27;[39m
[debug] &amp#27;[38;5;32m[AndroidUiautomator2Driver@d8eb (26be48bf)]&amp#27;[0m Calling AppiumDriver.getCurrentContext() with args: ["26be48bf-54a7-4e5a-b0d8-678f43b769b8"]
[debug] &amp#27;[38;5;32m[AndroidUiautomator2Driver@d8eb (26be48bf)]&amp#27;[0m Responding to client with driver.getCurrentContext() result: "NATIVE_APP"
&amp#27;[38;5;0m[HTTP]&amp#27;[0m &amp#27;[37m<-- GET /session/26be48bf-54a7-4e5a-b0d8-678f43b769b8/context &amp#27;[39m&amp#27;[32m200&amp#27;[39m &amp#27;[90m2 ms - 22&amp#27;[39m
&amp#27;[38;5;0m[HTTP]&amp#27;[0m &amp#27;[90m&amp#27;[39m
&amp#27;[38;5;0m[HTTP]&amp#27;[0m &amp#27;[37m-->&amp#27;[39m &amp#27;[37mPOST&amp#27;[39m &amp#27;[37m/session/26be48bf-54a7-4e5a-b0d8-678f43b769b8/element&amp#27;[39m
&amp#27;[38;5;0m[HTTP]&amp#27;[0m &amp#27;[90m{"using":"id","value":"com.androidsample.generalstore:id/spinnerCountry"}&amp#27;[39m
[debug] &amp#27;[38;5;32m[AndroidUiautomator2Driver@d8eb (26be48bf)]&amp#27;[0m Calling AppiumDriver.findElement() with args: ["id","com.androidsample.generalstore:id/spinnerCountry","26be48bf-54a7-4e5a-b0d8-678f43b769b8"]
[debug] &amp#27;[38;5;32m[AndroidUiautomator2Driver@d8eb (26be48bf)]&amp#27;[0m Valid locator strategies for this request: xpath, id, class name, accessibility id, css selector, -android uiautomator
[debug] &amp#27;[38;5;32m[AndroidUiautomator2Driver@d8eb (26be48bf)]&amp#27;[0m Waiting up to 5000 ms for condition
[debug] &amp#27;[38;5;32m[AndroidUiautomator2Driver@d8eb (26be48bf)]&amp#27;[0m Matched '/element' to command name 'findElement'
[debug] &amp#27;[38;5;32m[AndroidUiautomator2Driver@d8eb (26be48bf)]&amp#27;[0m Proxying [POST /element] to [POST http://127.0.0.1:8200/session/a85c01ee-ac2f-45a7-a938-3056a0dadbb4/element] with body: {"strategy":"id","selector":"com.androidsample.generalstore:id/spinnerCountry","context":"","multiple":false}
[debug] &amp#27;[38;5;32m[AndroidUiautomator2Driver@d8eb (26be48bf)]&amp#27;[0m Got response with status 200: {"sessionId":"a85c01ee-ac2f-45a7-a938-3056a0dadbb4","value":{"ELEMENT":"00000000-0000-0110-ffff-ffff00000011","element-6066-11e4-a52e-4f735466cecf":"00000000-0000-0110-ffff-ffff00000011"}}
[debug] &amp#27;[38;5;32m[AndroidUiautomator2Driver@d8eb (26be48bf)]&amp#27;[0m Responding to client with driver.findElement() result: {"element-6066-11e4-a52e-4f735466cecf":"00000000-0000-0110-ffff-ffff00000011","ELEMENT":"00000000-0000-0110-ffff-ffff00000011"}
&amp#27;[38;5;0m[HTTP]&amp#27;[0m &amp#27;[37m<-- POST /session/26be48bf-54a7-4e5a-b0d8-678f43b769b8/element &amp#27;[39m&amp#27;[32m200&amp#27;[39m &amp#27;[90m166 ms - 137&amp#27;[39m
&amp#27;[38;5;0m[HTTP]&amp#27;[0m &amp#27;[90m&amp#27;[39m
&amp#27;[38;5;0m[HTTP]&amp#27;[0m &amp#27;[37m-->&amp#27;[39m &amp#27;[37mPOST&amp#27;[39m &amp#27;[37m/session/26be48bf-54a7-4e5a-b0d8-678f43b769b8/element/00000000-0000-0110-ffff-ffff00000011/click&amp#27;[39m
&amp#27;[38;5;0m[HTTP]&amp#27;[0m &amp#27;[90m{"id":"00000000-0000-0110-ffff-ffff00000011"}&amp#27;[39m
[debug] &amp#27;[38;5;32m[AndroidUiautomator2Driver@d8eb (26be48bf)]&amp#27;[0m Calling AppiumDriver.click() with args: ["00000000-0000-0110-ffff-ffff00000011","26be48bf-54a7-4e5a-b0d8-678f43b769b8"]
[debug] &amp#27;[38;5;32m[AndroidUiautomator2Driver@d8eb (26be48bf)]&amp#27;[0m Matched '/element/00000000-0000-0110-ffff-ffff00000011/click' to command name 'click'
[debug] &amp#27;[38;5;32m[AndroidUiautomator2Driver@d8eb (26be48bf)]&amp#27;[0m Proxying [POST /element/00000000-0000-0110-ffff-ffff00000011/click] to [POST http://127.0.0.1:8200/session/a85c01ee-ac2f-45a7-a938-3056a0dadbb4/element/00000000-0000-0110-ffff-ffff00000011/click] with body: {"element":"00000000-0000-0110-ffff-ffff00000011"}
[debug] &amp#27;[38;5;32m[AndroidUiautomator2Driver@d8eb (26be48bf)]&amp#27;[0m Got response with status 200: {"sessionId":"a85c01ee-ac2f-45a7-a938-3056a0dadbb4","value":null}
[debug] &amp#27;[38;5;32m[AndroidUiautomator2Driver@d8eb (26be48bf)]&amp#27;[0m Responding to client with driver.click() result: null
&amp#27;[38;5;0m[HTTP]&amp#27;[0m &amp#27;[37m<-- POST /session/26be48bf-54a7-4e5a-b0d8-678f43b769b8/element/00000000-0000-0110-ffff-ffff00000011/click &amp#27;[39m&amp#27;[32m200&amp#27;[39m &amp#27;[90m541 ms - 14&amp#27;[39m
&amp#27;[38;5;0m[HTTP]&amp#27;[0m &amp#27;[90m&amp#27;[39m
&amp#27;[38;5;0m[HTTP]&amp#27;[0m &amp#27;[37m-->&amp#27;[39m &amp#27;[37mPOST&amp#27;[39m &amp#27;[37m/session/26be48bf-54a7-4e5a-b0d8-678f43b769b8/element&amp#27;[39m
&amp#27;[38;5;0m[HTTP]&amp#27;[0m &amp#27;[90m{"using":"-android uiautomator","value":"new UiScrollable(new UiSelector()).scrollIntoView(text(\"Ireland\"));"}&amp#27;[39m
[debug] &amp#27;[38;5;32m[AndroidUiautomator2Driver@d8eb (26be48bf)]&amp#27;[0m Calling AppiumDriver.findElement() with args: ["-android uiautomator","new UiScrollable(new UiSelector()).scrollIntoView(text(\"Ireland\"));","26be48bf-54a7-4e5a-b0d8-678f43b769b8"]
[debug] &amp#27;[38;5;32m[AndroidUiautomator2Driver@d8eb (26be48bf)]&amp#27;[0m Valid locator strategies for this request: xpath, id, class name, accessibility id, css selector, -android uiautomator
[debug] &amp#27;[38;5;32m[AndroidUiautomator2Driver@d8eb (26be48bf)]&amp#27;[0m Waiting up to 5000 ms for condition
[debug] &amp#27;[38;5;32m[AndroidUiautomator2Driver@d8eb (26be48bf)]&amp#27;[0m Matched '/element' to command name 'findElement'
[debug] &amp#27;[38;5;32m[AndroidUiautomator2Driver@d8eb (26be48bf)]&amp#27;[0m Proxying [POST /element] to [POST http://127.0.0.1:8200/session/a85c01ee-ac2f-45a7-a938-3056a0dadbb4/element] with body: {"strategy":"-android uiautomator","selector":"new UiScrollable(new UiSelector()).scrollIntoView(text(\"Ireland\"));","context":"","multiple":false}
[debug] &amp#27;[38;5;32m[AndroidUiautomator2Driver@d8eb (26be48bf)]&amp#27;[0m Got response with status 200: {"sessionId":"a85c01ee-ac2f-45a7-a938-3056a0dadbb4","value":{"ELEMENT":"00000000-0000-0111-ffff-ffff00000025","element-6066-11e4-a52e-4f735466cecf":"00000000-0000-0111-ffff-ffff00000025"}}
[debug] &amp#27;[38;5;32m[AndroidUiautomator2Driver@d8eb (26be48bf)]&amp#27;[0m Responding to client with driver.findElement() result: {"element-6066-11e4-a52e-4f735466cecf":"00000000-0000-0111-ffff-ffff00000025","ELEMENT":"00000000-0000-0111-ffff-ffff00000025"}
&amp#27;[38;5;0m[HTTP]&amp#27;[0m &amp#27;[37m<-- POST /session/26be48bf-54a7-4e5a-b0d8-678f43b769b8/element &amp#27;[39m&amp#27;[32m200&amp#27;[39m &amp#27;[90m36213 ms - 137&amp#27;[39m
&amp#27;[38;5;0m[HTTP]&amp#27;[0m &amp#27;[90m&amp#27;[39m
&amp#27;[38;5;0m[HTTP]&amp#27;[0m &amp#27;[37m-->&amp#27;[39m &amp#27;[37mPOST&amp#27;[39m &amp#27;[37m/session/26be48bf-54a7-4e5a-b0d8-678f43b769b8/element&amp#27;[39m
&amp#27;[38;5;0m[HTTP]&amp#27;[0m &amp#27;[90m{"using":"xpath","value":"//*[@text='Ireland']"}&amp#27;[39m
[debug] &amp#27;[38;5;32m[AndroidUiautomator2Driver@d8eb (26be48bf)]&amp#27;[0m Calling AppiumDriver.findElement() with args: ["xpath","//*[@text='Ireland']","26be48bf-54a7-4e5a-b0d8-678f43b769b8"]
[debug] &amp#27;[38;5;32m[AndroidUiautomator2Driver@d8eb (26be48bf)]&amp#27;[0m Valid locator strategies for this request: xpath, id, class name, accessibility id, css selector, -android uiautomator
[debug] &amp#27;[38;5;32m[AndroidUiautomator2Driver@d8eb (26be48bf)]&amp#27;[0m Waiting up to 5000 ms for condition
[debug] &amp#27;[38;5;32m[AndroidUiautomator2Driver@d8eb (26be48bf)]&amp#27;[0m Matched '/element' to command name 'findElement'
[debug] &amp#27;[38;5;32m[AndroidUiautomator2Driver@d8eb (26be48bf)]&amp#27;[0m Proxying [POST /element] to [POST http://127.0.0.1:8200/session/a85c01ee-ac2f-45a7-a938-3056a0dadbb4/element] with body: {"strategy":"xpath","selector":"//*[@text='Ireland']","context":"","multiple":false}
[debug] &amp#27;[38;5;32m[AndroidUiautomator2Driver@d8eb (26be48bf)]&amp#27;[0m Got response with status 200: {"sessionId":"a85c01ee-ac2f-45a7-a938-3056a0dadbb4","value":{"ELEMENT":"00000000-0000-0111-ffff-ffff00000025","element-6066-11e4-a52e-4f735466cecf":"00000000-0000-0111-ffff-ffff00000025"}}
[debug] &amp#27;[38;5;32m[AndroidUiautomator2Driver@d8eb (26be48bf)]&amp#27;[0m Responding to client with driver.findElement() result: {"element-6066-11e4-a52e-4f735466cecf":"00000000-0000-0111-ffff-ffff00000025","ELEMENT":"00000000-0000-0111-ffff-ffff00000025"}
&amp#27;[38;5;0m[HTTP]&amp#27;[0m &amp#27;[37m<-- POST /session/26be48bf-54a7-4e5a-b0d8-678f43b769b8/element &amp#27;[39m&amp#27;[32m200&amp#27;[39m &amp#27;[90m462 ms - 137&amp#27;[39m
&amp#27;[38;5;0m[HTTP]&amp#27;[0m &amp#27;[90m&amp#27;[39m
&amp#27;[38;5;0m[HTTP]&amp#27;[0m &amp#27;[37m-->&amp#27;[39m &amp#27;[37mPOST&amp#27;[39m &amp#27;[37m/session/26be48bf-54a7-4e5a-b0d8-678f43b769b8/element/00000000-0000-0111-ffff-ffff00000025/click&amp#27;[39m
&amp#27;[38;5;0m[HTTP]&amp#27;[0m &amp#27;[90m{"id":"00000000-0000-0111-ffff-ffff00000025"}&amp#27;[39m
[debug] &amp#27;[38;5;32m[AndroidUiautomator2Driver@d8eb (26be48bf)]&amp#27;[0m Calling AppiumDriver.click() with args: ["00000000-0000-0111-ffff-ffff00000025","26be48bf-54a7-4e5a-b0d8-678f43b769b8"]
[debug] &amp#27;[38;5;32m[AndroidUiautomator2Driver@d8eb (26be48bf)]&amp#27;[0m Matched '/element/00000000-0000-0111-ffff-ffff00000025/click' to command name 'click'
[debug] &amp#27;[38;5;32m[AndroidUiautomator2Driver@d8eb (26be48bf)]&amp#27;[0m Proxying [POST /element/00000000-0000-0111-ffff-ffff00000025/click] to [POST http://127.0.0.1:8200/session/a85c01ee-ac2f-45a7-a938-3056a0dadbb4/element/00000000-0000-0111-ffff-ffff00000025/click] with body: {"element":"00000000-0000-0111-ffff-ffff00000025"}
[debug] &amp#27;[38;5;32m[AndroidUiautomator2Driver@d8eb (26be48bf)]&amp#27;[0m Got response with status 200: {"sessionId":"a85c01ee-ac2f-45a7-a938-3056a0dadbb4","value":null}
[debug] &amp#27;[38;5;32m[AndroidUiautomator2Driver@d8eb (26be48bf)]&amp#27;[0m Responding to client with driver.click() result: null
&amp#27;[38;5;0m[HTTP]&amp#27;[0m &amp#27;[37m<-- POST /session/26be48bf-54a7-4e5a-b0d8-678f43b769b8/element/00000000-0000-0111-ffff-ffff00000025/click &amp#27;[39m&amp#27;[32m200&amp#27;[39m &amp#27;[90m752 ms - 14&amp#27;[39m
&amp#27;[38;5;0m[HTTP]&amp#27;[0m &amp#27;[90m&amp#27;[39m
&amp#27;[38;5;0m[HTTP]&amp#27;[0m &amp#27;[37m-->&amp#27;[39m &amp#27;[37mGET&amp#27;[39m &amp#27;[37m/session/26be48bf-54a7-4e5a-b0d8-678f43b769b8/context&amp#27;[39m
&amp#27;[38;5;0m[HTTP]&amp#27;[0m &amp#27;[90m{}&amp#27;[39m
[debug] &amp#27;[38;5;32m[AndroidUiautomator2Driver@d8eb (26be48bf)]&amp#27;[0m Calling AppiumDriver.getCurrentContext() with args: ["26be48bf-54a7-4e5a-b0d8-678f43b769b8"]
[debug] &amp#27;[38;5;32m[AndroidUiautomator2Driver@d8eb (26be48bf)]&amp#27;[0m Responding to client with driver.getCurrentContext() result: "NATIVE_APP"
&amp#27;[38;5;0m[HTTP]&amp#27;[0m &amp#27;[37m<-- GET /session/26be48bf-54a7-4e5a-b0d8-678f43b769b8/context &amp#27;[39m&amp#27;[32m200&amp#27;[39m &amp#27;[90m2 ms - 22&amp#27;[39m
&amp#27;[38;5;0m[HTTP]&amp#27;[0m &amp#27;[90m&amp#27;[39m
&amp#27;[38;5;0m[HTTP]&amp#27;[0m &amp#27;[37m-->&amp#27;[39m &amp#27;[37mPOST&amp#27;[39m &amp#27;[37m/session/26be48bf-54a7-4e5a-b0d8-678f43b769b8/element&amp#27;[39m
&amp#27;[38;5;0m[HTTP]&amp#27;[0m &amp#27;[90m{"using":"id","value":"com.androidsample.generalstore:id/btnLetsShop"}&amp#27;[39m
[debug] &amp#27;[38;5;32m[AndroidUiautomator2Driver@d8eb (26be48bf)]&amp#27;[0m Calling AppiumDriver.findElement() with args: ["id","com.androidsample.generalstore:id/btnLetsShop","26be48bf-54a7-4e5a-b0d8-678f43b769b8"]
[debug] &amp#27;[38;5;32m[AndroidUiautomator2Driver@d8eb (26be48bf)]&amp#27;[0m Valid locator strategies for this request: xpath, id, class name, accessibility id, css selector, -android uiautomator
[debug] &amp#27;[38;5;32m[AndroidUiautomator2Driver@d8eb (26be48bf)]&amp#27;[0m Waiting up to 5000 ms for condition
[debug] &amp#27;[38;5;32m[AndroidUiautomator2Driver@d8eb (26be48bf)]&amp#27;[0m Matched '/element' to command name 'findElement'
[debug] &amp#27;[38;5;32m[AndroidUiautomator2Driver@d8eb (26be48bf)]&amp#27;[0m Proxying [POST /element] to [POST http://127.0.0.1:8200/session/a85c01ee-ac2f-45a7-a938-3056a0dadbb4/element] with body: {"strategy":"id","selector":"com.androidsample.generalstore:id/btnLetsShop","context":"","multiple":false}
[debug] &amp#27;[38;5;32m[AndroidUiautomator2Driver@d8eb (26be48bf)]&amp#27;[0m Got response with status 200: {"sessionId":"a85c01ee-ac2f-45a7-a938-3056a0dadbb4","value":{"ELEMENT":"00000000-0000-0110-ffff-ffff00000018","element-6066-11e4-a52e-4f735466cecf":"00000000-0000-0110-ffff-ffff00000018"}}
[debug] &amp#27;[38;5;32m[AndroidUiautomator2Driver@d8eb (26be48bf)]&amp#27;[0m Responding to client with driver.findElement() result: {"element-6066-11e4-a52e-4f735466cecf":"00000000-0000-0110-ffff-ffff00000018","ELEMENT":"00000000-0000-0110-ffff-ffff00000018"}
&amp#27;[38;5;0m[HTTP]&amp#27;[0m &amp#27;[37m<-- POST /session/26be48bf-54a7-4e5a-b0d8-678f43b769b8/element &amp#27;[39m&amp#27;[32m200&amp#27;[39m &amp#27;[90m43 ms - 137&amp#27;[39m
&amp#27;[38;5;0m[HTTP]&amp#27;[0m &amp#27;[90m&amp#27;[39m
&amp#27;[38;5;0m[HTTP]&amp#27;[0m &amp#27;[37m-->&amp#27;[39m &amp#27;[37mPOST&amp#27;[39m &amp#27;[37m/session/26be48bf-54a7-4e5a-b0d8-678f43b769b8/element/00000000-0000-0110-ffff-ffff00000018/click&amp#27;[39m
&amp#27;[38;5;0m[HTTP]&amp#27;[0m &amp#27;[90m{"id":"00000000-0000-0110-ffff-ffff00000018"}&amp#27;[39m
[debug] &amp#27;[38;5;32m[AndroidUiautomator2Driver@d8eb (26be48bf)]&amp#27;[0m Calling AppiumDriver.click() with args: ["00000000-0000-0110-ffff-ffff00000018","26be48bf-54a7-4e5a-b0d8-678f43b769b8"]
[debug] &amp#27;[38;5;32m[AndroidUiautomator2Driver@d8eb (26be48bf)]&amp#27;[0m Matched '/element/00000000-0000-0110-ffff-ffff00000018/click' to command name 'click'
[debug] &amp#27;[38;5;32m[AndroidUiautomator2Driver@d8eb (26be48bf)]&amp#27;[0m Proxying [POST /element/00000000-0000-0110-ffff-ffff00000018/click] to [POST http://127.0.0.1:8200/session/a85c01ee-ac2f-45a7-a938-3056a0dadbb4/element/00000000-0000-0110-ffff-ffff00000018/click] with body: {"element":"00000000-0000-0110-ffff-ffff00000018"}
[debug] &amp#27;[38;5;32m[AndroidUiautomator2Driver@d8eb (26be48bf)]&amp#27;[0m Got response with status 200: {"sessionId":"a85c01ee-ac2f-45a7-a938-3056a0dadbb4","value":null}
[debug] &amp#27;[38;5;32m[AndroidUiautomator2Driver@d8eb (26be48bf)]&amp#27;[0m Responding to client with driver.click() result: null
&amp#27;[38;5;0m[HTTP]&amp#27;[0m &amp#27;[37m<-- POST /session/26be48bf-54a7-4e5a-b0d8-678f43b769b8/element/00000000-0000-0110-ffff-ffff00000018/click &amp#27;[39m&amp#27;[32m200&amp#27;[39m &amp#27;[90m82 ms - 14&amp#27;[39m
&amp#27;[38;5;0m[HTTP]&amp#27;[0m &amp#27;[90m&amp#27;[39m
&amp#27;[38;5;0m[HTTP]&amp#27;[0m &amp#27;[37m-->&amp#27;[39m &amp#27;[37mGET&amp#27;[39m &amp#27;[37m/session/26be48bf-54a7-4e5a-b0d8-678f43b769b8/context&amp#27;[39m
&amp#27;[38;5;0m[HTTP]&amp#27;[0m &amp#27;[90m{}&amp#27;[39m
[debug] &amp#27;[38;5;32m[AndroidUiautomator2Driver@d8eb (26be48bf)]&amp#27;[0m Calling AppiumDriver.getCurrentContext() with args: ["26be48bf-54a7-4e5a-b0d8-678f43b769b8"]
[debug] &amp#27;[38;5;32m[AndroidUiautomator2Driver@d8eb (26be48bf)]&amp#27;[0m Responding to client with driver.getCurrentContext() result: "NATIVE_APP"
&amp#27;[38;5;0m[HTTP]&amp#27;[0m &amp#27;[37m<-- GET /session/26be48bf-54a7-4e5a-b0d8-678f43b769b8/context &amp#27;[39m&amp#27;[32m200&amp#27;[39m &amp#27;[90m1 ms - 22&amp#27;[39m
&amp#27;[38;5;0m[HTTP]&amp#27;[0m &amp#27;[90m&amp#27;[39m
&amp#27;[38;5;0m[HTTP]&amp#27;[0m &amp#27;[37m-->&amp#27;[39m &amp#27;[37mPOST&amp#27;[39m &amp#27;[37m/session/26be48bf-54a7-4e5a-b0d8-678f43b769b8/elements&amp#27;[39m
&amp#27;[38;5;0m[HTTP]&amp#27;[0m &amp#27;[90m{"using":"id","value":"com.androidsample.generalstore:id/productAddCart"}&amp#27;[39m
[debug] &amp#27;[38;5;32m[AndroidUiautomator2Driver@d8eb (26be48bf)]&amp#27;[0m Calling AppiumDriver.findElements() with args: ["id","com.androidsample.generalstore:id/productAddCart","26be48bf-54a7-4e5a-b0d8-678f43b769b8"]
[debug] &amp#27;[38;5;32m[AndroidUiautomator2Driver@d8eb (26be48bf)]&amp#27;[0m Valid locator strategies for this request: xpath, id, class name, accessibility id, css selector, -android uiautomator
[debug] &amp#27;[38;5;32m[AndroidUiautomator2Driver@d8eb (26be48bf)]&amp#27;[0m Waiting up to 5000 ms for condition
[debug] &amp#27;[38;5;32m[AndroidUiautomator2Driver@d8eb (26be48bf)]&amp#27;[0m Matched '/elements' to command name 'findElements'
[debug] &amp#27;[38;5;32m[AndroidUiautomator2Driver@d8eb (26be48bf)]&amp#27;[0m Proxying [POST /elements] to [POST http://127.0.0.1:8200/session/a85c01ee-ac2f-45a7-a938-3056a0dadbb4/elements] with body: {"strategy":"id","selector":"com.androidsample.generalstore:id/productAddCart","context":"","multiple":true}
[debug] &amp#27;[38;5;32m[AndroidUiautomator2Driver@d8eb (26be48bf)]&amp#27;[0m Got response with status 200: {"sessionId":"a85c01ee-ac2f-45a7-a938-3056a0dadbb4","value":[]}
[debug] &amp#27;[38;5;32m[AndroidUiautomator2Driver@d8eb (26be48bf)]&amp#27;[0m Waited for 228 ms so far
[debug] &amp#27;[38;5;32m[AndroidUiautomator2Driver@d8eb (26be48bf)]&amp#27;[0m Matched '/elements' to command name 'findElements'
[debug] &amp#27;[38;5;32m[AndroidUiautomator2Driver@d8eb (26be48bf)]&amp#27;[0m Proxying [POST /elements] to [POST http://127.0.0.1:8200/session/a85c01ee-ac2f-45a7-a938-3056a0dadbb4/elements] with body: {"strategy":"id","selector":"com.androidsample.generalstore:id/productAddCart","context":"","multiple":true}
[debug] &amp#27;[38;5;32m[AndroidUiautomator2Driver@d8eb (26be48bf)]&amp#27;[0m Got response with status 200: {"sessionId":"a85c01ee-ac2f-45a7-a938-3056a0dadbb4","value":[{"ELEMENT":"00000000-0000-0112-ffff-ffff00000047","element-6066-11e4-a52e-4f735466cecf":"00000000-0000-0112-ffff-ffff00000047"},{"ELEMENT":"00000000-0000-0112-ffff-ffff0000004f","element-6066-11e4-a52e-4f735466cecf":"00000000-0000-0112-ffff-ffff0000004f"}]}
[debug] &amp#27;[38;5;32m[AndroidUiautomator2Driver@d8eb (26be48bf)]&amp#27;[0m Responding to client with driver.findElements() result: [{"element-6066-11e4-a52e-4f735466cecf":"00000000-0000-0112-ffff-ffff00000047","ELEMENT":"00000000-0000-0112-ffff-ffff00000047"},{"element-6066-11e4-a52e-4f735466cecf":"00000000-0000-0112-ffff-ffff0000004f","ELEMENT":"00000000-0000-0112-ffff-ffff0000004f"}]
&amp#27;[38;5;0m[HTTP]&amp#27;[0m &amp#27;[37m<-- POST /session/26be48bf-54a7-4e5a-b0d8-678f43b769b8/elements &amp#27;[39m&amp#27;[32m200&amp#27;[39m &amp#27;[90m1585 ms - 267&amp#27;[39m
&amp#27;[38;5;0m[HTTP]&amp#27;[0m &amp#27;[90m&amp#27;[39m
&amp#27;[38;5;0m[HTTP]&amp#27;[0m &amp#27;[37m-->&amp#27;[39m &amp#27;[37mPOST&amp#27;[39m &amp#27;[37m/session/26be48bf-54a7-4e5a-b0d8-678f43b769b8/element/00000000-0000-0112-ffff-ffff00000047/click&amp#27;[39m
&amp#27;[38;5;0m[HTTP]&amp#27;[0m &amp#27;[90m{"id":"00000000-0000-0112-ffff-ffff00000047"}&amp#27;[39m
[debug] &amp#27;[38;5;32m[AndroidUiautomator2Driver@d8eb (26be48bf)]&amp#27;[0m Calling AppiumDriver.click() with args: ["00000000-0000-0112-ffff-ffff00000047","26be48bf-54a7-4e5a-b0d8-678f43b769b8"]
[debug] &amp#27;[38;5;32m[AndroidUiautomator2Driver@d8eb (26be48bf)]&amp#27;[0m Matched '/element/00000000-0000-0112-ffff-ffff00000047/click' to command name 'click'
[debug] &amp#27;[38;5;32m[AndroidUiautomator2Driver@d8eb (26be48bf)]&amp#27;[0m Proxying [POST /element/00000000-0000-0112-ffff-ffff00000047/click] to [POST http://127.0.0.1:8200/session/a85c01ee-ac2f-45a7-a938-3056a0dadbb4/element/00000000-0000-0112-ffff-ffff00000047/click] with body: {"element":"00000000-0000-0112-ffff-ffff00000047"}
[debug] &amp#27;[38;5;32m[AndroidUiautomator2Driver@d8eb (26be48bf)]&amp#27;[0m Got response with status 200: {"sessionId":"a85c01ee-ac2f-45a7-a938-3056a0dadbb4","value":null}
[debug] &amp#27;[38;5;32m[AndroidUiautomator2Driver@d8eb (26be48bf)]&amp#27;[0m Responding to client with driver.click() result: null
&amp#27;[38;5;0m[HTTP]&amp#27;[0m &amp#27;[37m<-- POST /session/26be48bf-54a7-4e5a-b0d8-678f43b769b8/element/00000000-0000-0112-ffff-ffff00000047/click &amp#27;[39m&amp#27;[32m200&amp#27;[39m &amp#27;[90m564 ms - 14&amp#27;[39m
&amp#27;[38;5;0m[HTTP]&amp#27;[0m &amp#27;[90m&amp#27;[39m
&amp#27;[38;5;0m[HTTP]&amp#27;[0m &amp#27;[37m-->&amp#27;[39m &amp#27;[37mGET&amp#27;[39m &amp#27;[37m/session/26be48bf-54a7-4e5a-b0d8-678f43b769b8/context&amp#27;[39m
&amp#27;[38;5;0m[HTTP]&amp#27;[0m &amp#27;[90m{}&amp#27;[39m
[debug] &amp#27;[38;5;32m[AndroidUiautomator2Driver@d8eb (26be48bf)]&amp#27;[0m Calling AppiumDriver.getCurrentContext() with args: ["26be48bf-54a7-4e5a-b0d8-678f43b769b8"]
[debug] &amp#27;[38;5;32m[AndroidUiautomator2Driver@d8eb (26be48bf)]&amp#27;[0m Responding to client with driver.getCurrentContext() result: "NATIVE_APP"
&amp#27;[38;5;0m[HTTP]&amp#27;[0m &amp#27;[37m<-- GET /session/26be48bf-54a7-4e5a-b0d8-678f43b769b8/context &amp#27;[39m&amp#27;[32m200&amp#27;[39m &amp#27;[90m1 ms - 22&amp#27;[39m
&amp#27;[38;5;0m[HTTP]&amp#27;[0m &amp#27;[90m&amp#27;[39m
&amp#27;[38;5;0m[HTTP]&amp#27;[0m &amp#27;[37m-->&amp#27;[39m &amp#27;[37mPOST&amp#27;[39m &amp#27;[37m/session/26be48bf-54a7-4e5a-b0d8-678f43b769b8/elements&amp#27;[39m
&amp#27;[38;5;0m[HTTP]&amp#27;[0m &amp#27;[90m{"using":"id","value":"com.androidsample.generalstore:id/productAddCart"}&amp#27;[39m
[debug] &amp#27;[38;5;32m[AndroidUiautomator2Driver@d8eb (26be48bf)]&amp#27;[0m Calling AppiumDriver.findElements() with args: ["id","com.androidsample.generalstore:id/productAddCart","26be48bf-54a7-4e5a-b0d8-678f43b769b8"]
[debug] &amp#27;[38;5;32m[AndroidUiautomator2Driver@d8eb (26be48bf)]&amp#27;[0m Valid locator strategies for this request: xpath, id, class name, accessibility id, css selector, -android uiautomator
[debug] &amp#27;[38;5;32m[AndroidUiautomator2Driver@d8eb (26be48bf)]&amp#27;[0m Waiting up to 5000 ms for condition
[debug] &amp#27;[38;5;32m[AndroidUiautomator2Driver@d8eb (26be48bf)]&amp#27;[0m Matched '/elements' to command name 'findElements'
[debug] &amp#27;[38;5;32m[AndroidUiautomator2Driver@d8eb (26be48bf)]&amp#27;[0m Proxying [POST /elements] to [POST http://127.0.0.1:8200/session/a85c01ee-ac2f-45a7-a938-3056a0dadbb4/elements] with body: {"strategy":"id","selector":"com.androidsample.generalstore:id/productAddCart","context":"","multiple":true}
[debug] &amp#27;[38;5;32m[AndroidUiautomator2Driver@d8eb (26be48bf)]&amp#27;[0m Got response with status 200: {"sessionId":"a85c01ee-ac2f-45a7-a938-3056a0dadbb4","value":[{"ELEMENT":"00000000-0000-0112-ffff-ffff00000047","element-6066-11e4-a52e-4f735466cecf":"00000000-0000-0112-ffff-ffff00000047"},{"ELEMENT":"00000000-0000-0112-ffff-ffff0000004f","element-6066-11e4-a52e-4f735466cecf":"00000000-0000-0112-ffff-ffff0000004f"}]}
[debug] &amp#27;[38;5;32m[AndroidUiautomator2Driver@d8eb (26be48bf)]&amp#27;[0m Responding to client with driver.findElements() result: [{"element-6066-11e4-a52e-4f735466cecf":"00000000-0000-0112-ffff-ffff00000047","ELEMENT":"00000000-0000-0112-ffff-ffff00000047"},{"element-6066-11e4-a52e-4f735466cecf":"00000000-0000-0112-ffff-ffff0000004f","ELEMENT":"00000000-0000-0112-ffff-ffff0000004f"}]
&amp#27;[38;5;0m[HTTP]&amp#27;[0m &amp#27;[37m<-- POST /session/26be48bf-54a7-4e5a-b0d8-678f43b769b8/elements &amp#27;[39m&amp#27;[32m200&amp#27;[39m &amp#27;[90m32 ms - 267&amp#27;[39m
&amp#27;[38;5;0m[HTTP]&amp#27;[0m &amp#27;[90m&amp#27;[39m
&amp#27;[38;5;0m[HTTP]&amp#27;[0m &amp#27;[37m-->&amp#27;[39m &amp#27;[37mPOST&amp#27;[39m &amp#27;[37m/session/26be48bf-54a7-4e5a-b0d8-678f43b769b8/element/00000000-0000-0112-ffff-ffff0000004f/click&amp#27;[39m
&amp#27;[38;5;0m[HTTP]&amp#27;[0m &amp#27;[90m{"id":"00000000-0000-0112-ffff-ffff0000004f"}&amp#27;[39m
[debug] &amp#27;[38;5;32m[AndroidUiautomator2Driver@d8eb (26be48bf)]&amp#27;[0m Calling AppiumDriver.click() with args: ["00000000-0000-0112-ffff-ffff0000004f","26be48bf-54a7-4e5a-b0d8-678f43b769b8"]
[debug] &amp#27;[38;5;32m[AndroidUiautomator2Driver@d8eb (26be48bf)]&amp#27;[0m Matched '/element/00000000-0000-0112-ffff-ffff0000004f/click' to command name 'click'
[debug] &amp#27;[38;5;32m[AndroidUiautomator2Driver@d8eb (26be48bf)]&amp#27;[0m Proxying [POST /element/00000000-0000-0112-ffff-ffff0000004f/click] to [POST http://127.0.0.1:8200/session/a85c01ee-ac2f-45a7-a938-3056a0dadbb4/element/00000000-0000-0112-ffff-ffff0000004f/click] with body: {"element":"00000000-0000-0112-ffff-ffff0000004f"}
[debug] &amp#27;[38;5;32m[AndroidUiautomator2Driver@d8eb (26be48bf)]&amp#27;[0m Got response with status 200: {"sessionId":"a85c01ee-ac2f-45a7-a938-3056a0dadbb4","value":null}
[debug] &amp#27;[38;5;32m[AndroidUiautomator2Driver@d8eb (26be48bf)]&amp#27;[0m Responding to client with driver.click() result: null
&amp#27;[38;5;0m[HTTP]&amp#27;[0m &amp#27;[37m<-- POST /session/26be48bf-54a7-4e5a-b0d8-678f43b769b8/element/00000000-0000-0112-ffff-ffff0000004f/click &amp#27;[39m&amp#27;[32m200&amp#27;[39m &amp#27;[90m52 ms - 14&amp#27;[39m
&amp#27;[38;5;0m[HTTP]&amp#27;[0m &amp#27;[90m&amp#27;[39m
&amp#27;[38;5;0m[HTTP]&amp#27;[0m &amp#27;[37m-->&amp#27;[39m &amp#27;[37mGET&amp#27;[39m &amp#27;[37m/session/26be48bf-54a7-4e5a-b0d8-678f43b769b8/context&amp#27;[39m
&amp#27;[38;5;0m[HTTP]&amp#27;[0m &amp#27;[90m{}&amp#27;[39m
[debug] &amp#27;[38;5;32m[AndroidUiautomator2Driver@d8eb (26be48bf)]&amp#27;[0m Calling AppiumDriver.getCurrentContext() with args: ["26be48bf-54a7-4e5a-b0d8-678f43b769b8"]
[debug] &amp#27;[38;5;32m[AndroidUiautomator2Driver@d8eb (26be48bf)]&amp#27;[0m Responding to client with driver.getCurrentContext() result: "NATIVE_APP"
&amp#27;[38;5;0m[HTTP]&amp#27;[0m &amp#27;[37m<-- GET /session/26be48bf-54a7-4e5a-b0d8-678f43b769b8/context &amp#27;[39m&amp#27;[32m200&amp#27;[39m &amp#27;[90m2 ms - 22&amp#27;[39m
&amp#27;[38;5;0m[HTTP]&amp#27;[0m &amp#27;[90m&amp#27;[39m
&amp#27;[38;5;0m[HTTP]&amp#27;[0m &amp#27;[37m-->&amp#27;[39m &amp#27;[37mPOST&amp#27;[39m &amp#27;[37m/session/26be48bf-54a7-4e5a-b0d8-678f43b769b8/element&amp#27;[39m
&amp#27;[38;5;0m[HTTP]&amp#27;[0m &amp#27;[90m{"using":"id","value":"com.androidsample.generalstore:id/appbar_btn_cart"}&amp#27;[39m
[debug] &amp#27;[38;5;32m[AndroidUiautomator2Driver@d8eb (26be48bf)]&amp#27;[0m Calling AppiumDriver.findElement() with args: ["id","com.androidsample.generalstore:id/appbar_btn_cart","26be48bf-54a7-4e5a-b0d8-678f43b769b8"]
[debug] &amp#27;[38;5;32m[AndroidUiautomator2Driver@d8eb (26be48bf)]&amp#27;[0m Valid locator strategies for this request: xpath, id, class name, accessibility id, css selector, -android uiautomator
[debug] &amp#27;[38;5;32m[AndroidUiautomator2Driver@d8eb (26be48bf)]&amp#27;[0m Waiting up to 5000 ms for condition
[debug] &amp#27;[38;5;32m[AndroidUiautomator2Driver@d8eb (26be48bf)]&amp#27;[0m Matched '/element' to command name 'findElement'
[debug] &amp#27;[38;5;32m[AndroidUiautomator2Driver@d8eb (26be48bf)]&amp#27;[0m Proxying [POST /element] to [POST http://127.0.0.1:8200/session/a85c01ee-ac2f-45a7-a938-3056a0dadbb4/element] with body: {"strategy":"id","selector":"com.androidsample.generalstore:id/appbar_btn_cart","context":"","multiple":false}
[debug] &amp#27;[38;5;32m[AndroidUiautomator2Driver@d8eb (26be48bf)]&amp#27;[0m Got response with status 200: {"sessionId":"a85c01ee-ac2f-45a7-a938-3056a0dadbb4","value":{"ELEMENT":"00000000-0000-0112-ffff-ffff0000003a","element-6066-11e4-a52e-4f735466cecf":"00000000-0000-0112-ffff-ffff0000003a"}}
[debug] &amp#27;[38;5;32m[AndroidUiautomator2Driver@d8eb (26be48bf)]&amp#27;[0m Responding to client with driver.findElement() result: {"element-6066-11e4-a52e-4f735466cecf":"00000000-0000-0112-ffff-ffff0000003a","ELEMENT":"00000000-0000-0112-ffff-ffff0000003a"}
&amp#27;[38;5;0m[HTTP]&amp#27;[0m &amp#27;[37m<-- POST /session/26be48bf-54a7-4e5a-b0d8-678f43b769b8/element &amp#27;[39m&amp#27;[32m200&amp#27;[39m &amp#27;[90m482 ms - 137&amp#27;[39m
&amp#27;[38;5;0m[HTTP]&amp#27;[0m &amp#27;[90m&amp#27;[39m
&amp#27;[38;5;0m[HTTP]&amp#27;[0m &amp#27;[37m-->&amp#27;[39m &amp#27;[37mPOST&amp#27;[39m &amp#27;[37m/session/26be48bf-54a7-4e5a-b0d8-678f43b769b8/element/00000000-0000-0112-ffff-ffff0000003a/click&amp#27;[39m
&amp#27;[38;5;0m[HTTP]&amp#27;[0m &amp#27;[90m{"id":"00000000-0000-0112-ffff-ffff0000003a"}&amp#27;[39m
[debug] &amp#27;[38;5;32m[AndroidUiautomator2Driver@d8eb (26be48bf)]&amp#27;[0m Calling AppiumDriver.click() with args: ["00000000-0000-0112-ffff-ffff0000003a","26be48bf-54a7-4e5a-b0d8-678f43b769b8"]
[debug] &amp#27;[38;5;32m[AndroidUiautomator2Driver@d8eb (26be48bf)]&amp#27;[0m Matched '/element/00000000-0000-0112-ffff-ffff0000003a/click' to command name 'click'
[debug] &amp#27;[38;5;32m[AndroidUiautomator2Driver@d8eb (26be48bf)]&amp#27;[0m Proxying [POST /element/00000000-0000-0112-ffff-ffff0000003a/click] to [POST http://127.0.0.1:8200/session/a85c01ee-ac2f-45a7-a938-3056a0dadbb4/element/00000000-0000-0112-ffff-ffff0000003a/click] with body: {"element":"00000000-0000-0112-ffff-ffff0000003a"}
[debug] &amp#27;[38;5;32m[AndroidUiautomator2Driver@d8eb (26be48bf)]&amp#27;[0m Got response with status 200: {"sessionId":"a85c01ee-ac2f-45a7-a938-3056a0dadbb4","value":null}
[debug] &amp#27;[38;5;32m[AndroidUiautomator2Driver@d8eb (26be48bf)]&amp#27;[0m Responding to client with driver.click() result: null
&amp#27;[38;5;0m[HTTP]&amp#27;[0m &amp#27;[37m<-- POST /session/26be48bf-54a7-4e5a-b0d8-678f43b769b8/element/00000000-0000-0112-ffff-ffff0000003a/click &amp#27;[39m&amp#27;[32m200&amp#27;[39m &amp#27;[90m48 ms - 14&amp#27;[39m
&amp#27;[38;5;0m[HTTP]&amp#27;[0m &amp#27;[90m&amp#27;[39m
&amp#27;[38;5;0m[HTTP]&amp#27;[0m &amp#27;[37m-->&amp#27;[39m &amp#27;[37mGET&amp#27;[39m &amp#27;[37m/session/26be48bf-54a7-4e5a-b0d8-678f43b769b8/context&amp#27;[39m
&amp#27;[38;5;0m[HTTP]&amp#27;[0m &amp#27;[90m{}&amp#27;[39m
[debug] &amp#27;[38;5;32m[AndroidUiautomator2Driver@d8eb (26be48bf)]&amp#27;[0m Calling AppiumDriver.getCurrentContext() with args: ["26be48bf-54a7-4e5a-b0d8-678f43b769b8"]
[debug] &amp#27;[38;5;32m[AndroidUiautomator2Driver@d8eb (26be48bf)]&amp#27;[0m Responding to client with driver.getCurrentContext() result: "NATIVE_APP"
&amp#27;[38;5;0m[HTTP]&amp#27;[0m &amp#27;[37m<-- GET /session/26be48bf-54a7-4e5a-b0d8-678f43b769b8/context &amp#27;[39m&amp#27;[32m200&amp#27;[39m &amp#27;[90m2 ms - 22&amp#27;[39m
&amp#27;[38;5;0m[HTTP]&amp#27;[0m &amp#27;[90m&amp#27;[39m
&amp#27;[38;5;0m[HTTP]&amp#27;[0m &amp#27;[37m-->&amp#27;[39m &amp#27;[37mPOST&amp#27;[39m &amp#27;[37m/session/26be48bf-54a7-4e5a-b0d8-678f43b769b8/element&amp#27;[39m
&amp#27;[38;5;0m[HTTP]&amp#27;[0m &amp#27;[90m{"using":"xpath","value":"//*[@text='Cart']"}&amp#27;[39m
[debug] &amp#27;[38;5;32m[AndroidUiautomator2Driver@d8eb (26be48bf)]&amp#27;[0m Calling AppiumDriver.findElement() with args: ["xpath","//*[@text='Cart']","26be48bf-54a7-4e5a-b0d8-678f43b769b8"]
[debug] &amp#27;[38;5;32m[AndroidUiautomator2Driver@d8eb (26be48bf)]&amp#27;[0m Valid locator strategies for this request: xpath, id, class name, accessibility id, css selector, -android uiautomator
[debug] &amp#27;[38;5;32m[AndroidUiautomator2Driver@d8eb (26be48bf)]&amp#27;[0m Waiting up to 5000 ms for condition
[debug] &amp#27;[38;5;32m[AndroidUiautomator2Driver@d8eb (26be48bf)]&amp#27;[0m Matched '/element' to command name 'findElement'
[debug] &amp#27;[38;5;32m[AndroidUiautomator2Driver@d8eb (26be48bf)]&amp#27;[0m Proxying [POST /element] to [POST http://127.0.0.1:8200/session/a85c01ee-ac2f-45a7-a938-3056a0dadbb4/element] with body: {"strategy":"xpath","selector":"//*[@text='Cart']","context":"","multiple":false}
&amp#27;[38;5;32m[AndroidUiautomator2Driver@d8eb (26be48bf)]&amp#27;[0m Got response with status 404: {"sessionId":"a85c01ee-ac2f-45a7-a938-3056a0dadbb4","value":{"error":"no such element","message":"An element could not be located on the page using the given search parameters","stacktrace":"io.appium.uiautomator2.common.exceptions.ElementNotFoundException: An element could not be located on the page using the given search parameters\n\tat io.appium.uiautomator2.handler.FindElement.findElement(FindElement.java:90)\n\tat io.appium.uiautomator2.handler.FindElement.safeHandle(FindElement.java:67)\n\tat io.appium.uiautomator2.handler.request.SafeRequestHandler.handle(SafeRequestHandler.java:59)\n\tat io.appium.uiautomator2.server.AppiumServlet.handleRequest(AppiumServlet.java:267)\n\tat io.appium.uiautomator2.server.AppiumServlet.handleHttpRequest(AppiumServlet.java:261)\n\tat io.appium.uiautomator2.http.ServerHandler.channelRead(ServerHandler.java:68)\n\tat io.netty.channel.AbstractChannelHandlerContext.invokeChannelRead(AbstractChannelHandlerContext.java:366)\n\tat io.netty.channel.AbstractChannelHandlerCont...
[debug] &amp#27;[38;5;128m[W3C]&amp#27;[0m Matched W3C error code 'no such element' to NoSuchElementError
[debug] &amp#27;[38;5;32m[AndroidUiautomator2Driver@d8eb (26be48bf)]&amp#27;[0m Waited for 244 ms so far
[debug] &amp#27;[38;5;32m[AndroidUiautomator2Driver@d8eb (26be48bf)]&amp#27;[0m Matched '/element' to command name 'findElement'
[debug] &amp#27;[38;5;32m[AndroidUiautomator2Driver@d8eb (26be48bf)]&amp#27;[0m Proxying [POST /element] to [POST http://127.0.0.1:8200/session/a85c01ee-ac2f-45a7-a938-3056a0dadbb4/element] with body: {"strategy":"xpath","selector":"//*[@text='Cart']","context":"","multiple":false}
[debug] &amp#27;[38;5;32m[AndroidUiautomator2Driver@d8eb (26be48bf)]&amp#27;[0m Got response with status 200: {"sessionId":"a85c01ee-ac2f-45a7-a938-3056a0dadbb4","value":{"ELEMENT":"00000000-0000-0113-ffff-ffff00000065","element-6066-11e4-a52e-4f735466cecf":"00000000-0000-0113-ffff-ffff00000065"}}
[...]
&amp#27;[38;5;0m[HTTP]&amp#27;[0m &amp#27;[37m<-- POST /session/26be48bf-54a7-4e5a-b0d8-678f43b769b8/element &amp#27;[39m&amp#27;[32m200&amp#27;[39m &amp#27;[90m25 ms - 137&amp#27;[39m
&amp#27;[38;5;0m[HTTP]&amp#27;[0m &amp#27;[90m&amp#27;[39m
&amp#27;[38;5;0m[HTTP]&amp#27;[0m &amp#27;[37m-->&amp#27;[39m &amp#27;[37mGET&amp#27;[39m &amp#27;[37m/session/26be48bf-54a7-4e5a-b0d8-678f43b769b8/element/00000000-0000-0119-ffff-ffff00000070/text&amp#27;[39m
&amp#27;[38;5;0m[HTTP]&amp#27;[0m &amp#27;[90m{}&amp#27;[39m
&amp#27;[38;5;32m[AndroidUiautomator2Driver@d8eb (26be48bf)]&amp#27;[0m Driver proxy active, passing request on via HTTP proxy
[debug] &amp#27;[38;5;32m[AndroidUiautomator2Driver@d8eb (26be48bf)]&amp#27;[0m Matched '/session/26be48bf-54a7-4e5a-b0d8-678f43b769b8/element/00000000-0000-0119-ffff-ffff00000070/text' to command name 'getText'
[debug] &amp#27;[38;5;32m[AndroidUiautomator2Driver@d8eb (26be48bf)]&amp#27;[0m Proxying [GET /session/26be48bf-54a7-4e5a-b0d8-678f43b769b8/element/00000000-0000-0119-ffff-ffff00000070/text] to [GET http://127.0.0.1:8200/session/a85c01ee-ac2f-45a7-a938-3056a0dadbb4/element/00000000-0000-0119-ffff-ffff00000070/text] with no body
[debug] &amp#27;[38;5;32m[AndroidUiautomator2Driver@d8eb (26be48bf)]&amp#27;[0m Got response with status 200: {"sessionId":"a85c01ee-ac2f-45a7-a938-3056a0dadbb4","value":"$ 280.97"}
&amp#27;[38;5;32m[AndroidUiautomator2Driver@d8eb (26be48bf)]&amp#27;[0m Replacing sessionId a85c01ee-ac2f-45a7-a938-3056a0dadbb4 with 26be48bf-54a7-4e5a-b0d8-678f43b769b8
&amp#27;[38;5;0m[HTTP]&amp#27;[0m &amp#27;[37m<-- GET /session/26be48bf-54a7-4e5a-b0d8-678f43b769b8/element/00000000-0000-0119-ffff-ffff00000070/text &amp#27;[39m&amp#27;[32m200&amp#27;[39m &amp#27;[90m14 ms - 71&amp#27;[39m
&amp#27;[38;5;0m[HTTP]&amp#27;[0m &amp#27;[90m&amp#27;[39m
&amp#27;[38;5;0m[HTTP]&amp#27;[0m &amp#27;[37m-->&amp#27;[39m &amp#27;[37mGET&amp#27;[39m &amp#27;[37m/session/26be48bf-54a7-4e5a-b0d8-678f43b769b8/context&amp#27;[39m
&amp#27;[38;5;0m[HTTP]&amp#27;[0m &amp#27;[90m{}&amp#27;[39m
[debug] &amp#27;[38;5;32m[AndroidUiautomator2Driver@d8eb (26be48bf)]&amp#27;[0m Calling AppiumDriver.getCurrentContext() with args: ["26be48bf-54a7-4e5a-b0d8-678f43b769b8"]
[debug] &amp#27;[38;5;32m[AndroidUiautomator2Driver@d8eb (26be48bf)]&amp#27;[0m Responding to client with driver.getCurrentContext() result: "NATIVE_APP"
&amp#27;[38;5;0m[HTTP]&amp#27;[0m &amp#27;[37m<-- GET /session/26be48bf-54a7-4e5a-b0d8-678f43b769b8/context &amp#27;[39m&amp#27;[32m200&amp#27;[39m &amp#27;[90m1 ms - 22&amp#27;[39m
&amp#27;[38;5;0m[HTTP]&amp#27;[0m &amp#27;[90m&amp#27;[39m
&amp#27;[38;5;0m[HTTP]&amp#27;[0m &amp#27;[37m-->&amp#27;[39m &amp#27;[37mPOST&amp#27;[39m &amp#27;[37m/session/26be48bf-54a7-4e5a-b0d8-678f43b769b8/element&amp#27;[39m
&amp#27;[38;5;0m[HTTP]&amp#27;[0m &amp#27;[90m{"using":"id","value":"com.androidsample.generalstore:id/termsButton"}&amp#27;[39m
[debug] &amp#27;[38;5;32m[AndroidUiautomator2Driver@d8eb (26be48bf)]&amp#27;[0m Calling AppiumDriver.findElement() with args: ["id","com.androidsample.generalstore:id/termsButton","26be48bf-54a7-4e5a-b0d8-678f43b769b8"]
[debug] &amp#27;[38;5;32m[AndroidUiautomator2Driver@d8eb (26be48bf)]&amp#27;[0m Valid locator strategies for this request: xpath, id, class name, accessibility id, css selector, -android uiautomator
[debug] &amp#27;[38;5;32m[AndroidUiautomator2Driver@d8eb (26be48bf)]&amp#27;[0m Waiting up to 5000 ms for condition
[debug] &amp#27;[38;5;32m[AndroidUiautomator2Driver@d8eb (26be48bf)]&amp#27;[0m Matched '/element' to command name 'findElement'
[debug] &amp#27;[38;5;32m[AndroidUiautomator2Driver@d8eb (26be48bf)]&amp#27;[0m Proxying [POST /element] to [POST http://127.0.0.1:8200/session/a85c01ee-ac2f-45a7-a938-3056a0dadbb4/element] with body: {"strategy":"id","selector":"com.androidsample.generalstore:id/termsButton","context":"","multiple":false}
[debug] &amp#27;[38;5;32m[AndroidUiautomator2Driver@d8eb (26be48bf)]&amp#27;[0m Got response with status 200: {"sessionId":"a85c01ee-ac2f-45a7-a938-3056a0dadbb4","value":{"ELEMENT":"00000000-0000-0119-ffff-ffff00000073","element-6066-11e4-a52e-4f735466cecf":"00000000-0000-0119-ffff-ffff00000073"}}
[debug] &amp#27;[38;5;32m[AndroidUiautomator2Driver@d8eb (26be48bf)]&amp#27;[0m Responding to client with driver.findElement() result: {"element-6066-11e4-a52e-4f735466cecf":"00000000-0000-0119-ffff-ffff00000073","ELEMENT":"00000000-0000-0119-ffff-ffff00000073"}
&amp#27;[38;5;0m[HTTP]&amp#27;[0m &amp#27;[37m<-- POST /session/26be48bf-54a7-4e5a-b0d8-678f43b769b8/element &amp#27;[39m&amp#27;[32m200&amp#27;[39m &amp#27;[90m23 ms - 137&amp#27;[39m
&amp#27;[38;5;0m[HTTP]&amp#27;[0m &amp#27;[90m&amp#27;[39m
&amp#27;[38;5;0m[HTTP]&amp#27;[0m &amp#27;[37m-->&amp#27;[39m &amp#27;[37mPOST&amp#27;[39m &amp#27;[37m/session/26be48bf-54a7-4e5a-b0d8-678f43b769b8/execute/sync&amp#27;[39m
&amp#27;[38;5;0m[HTTP]&amp#27;[0m &amp#27;[90m{"script":"mobile: longClickGesture","args":[{"elementId":"00000000-0000-0119-ffff-ffff00000073","duration":2000}]}&amp#27;[39m
[debug] &amp#27;[38;5;32m[AndroidUiautomator2Driver@d8eb (26be48bf)]&amp#27;[0m Calling AppiumDriver.execute() with args: ["mobile: longClickGesture",[{"elementId":"00000000-0000-0119-ffff-ffff00000073","duration":2000}],"26be48bf-54a7-4e5a-b0d8-678f43b769b8"]
&amp#27;[38;5;32m[AndroidUiautomator2Driver@d8eb (26be48bf)]&amp#27;[0m Executing native command 'mobile: longClickGesture'
[debug] &amp#27;[38;5;32m[AndroidUiautomator2Driver@d8eb (26be48bf)]&amp#27;[0m Proxying [POST /appium/gestures/long_click] to [POST http://127.0.0.1:8200/session/a85c01ee-ac2f-45a7-a938-3056a0dadbb4/appium/gestures/long_click] with body: {"origin":{"ELEMENT":"00000000-0000-0119-ffff-ffff00000073","element-6066-11e4-a52e-4f735466cecf":"00000000-0000-0119-ffff-ffff00000073"},"duration":2000}
[debug] &amp#27;[38;5;32m[AndroidUiautomator2Driver@d8eb (26be48bf)]&amp#27;[0m Got response with status 200: {"sessionId":"a85c01ee-ac2f-45a7-a938-3056a0dadbb4","value":null}
[debug] &amp#27;[38;5;32m[AndroidUiautomator2Driver@d8eb (26be48bf)]&amp#27;[0m Responding to client with driver.execute() result: null
&amp#27;[38;5;0m[HTTP]&amp#27;[0m &amp#27;[37m<-- POST /session/26be48bf-54a7-4e5a-b0d8-678f43b769b8/execute/sync &amp#27;[39m&amp#27;[32m200&amp#27;[39m &amp#27;[90m2053 ms - 14&amp#27;[39m
&amp#27;[38;5;0m[HTTP]&amp#27;[0m &amp#27;[90m&amp#27;[39m
&amp#27;[38;5;0m[HTTP]&amp#27;[0m &amp#27;[37m-->&amp#27;[39m &amp#27;[37mGET&amp#27;[39m &amp#27;[37m/session/26be48bf-54a7-4e5a-b0d8-678f43b769b8/context&amp#27;[39m
&amp#27;[38;5;0m[HTTP]&amp#27;[0m &amp#27;[90m{}&amp#27;[39m
[debug] &amp#27;[38;5;32m[AndroidUiautomator2Driver@d8eb (26be48bf)]&amp#27;[0m Calling AppiumDriver.getCurrentContext() with args: ["26be48bf-54a7-4e5a-b0d8-678f43b769b8"]
[debug] &amp#27;[38;5;32m[AndroidUiautomator2Driver@d8eb (26be48bf)]&amp#27;[0m Responding to client with driver.getCurrentContext() result: "NATIVE_APP"
&amp#27;[38;5;0m[HTTP]&amp#27;[0m &amp#27;[37m<-- GET /session/26be48bf-54a7-4e5a-b0d8-678f43b769b8/context &amp#27;[39m&amp#27;[32m200&amp#27;[39m &amp#27;[90m1 ms - 22&amp#27;[39m
&amp#27;[38;5;0m[HTTP]&amp#27;[0m &amp#27;[90m&amp#27;[39m
&amp#27;[38;5;0m[HTTP]&amp#27;[0m &amp#27;[37m-->&amp#27;[39m &amp#27;[37mPOST&amp#27;[39m &amp#27;[37m/session/26be48bf-54a7-4e5a-b0d8-678f43b769b8/element&amp#27;[39m
&amp#27;[38;5;0m[HTTP]&amp#27;[0m &amp#27;[90m{"using":"id","value":"android:id/button1"}&amp#27;[39m
[debug] &amp#27;[38;5;32m[AndroidUiautomator2Driver@d8eb (26be48bf)]&amp#27;[0m Calling AppiumDriver.findElement() with args: ["id","android:id/button1","26be48bf-54a7-4e5a-b0d8-678f43b769b8"]
[debug] &amp#27;[38;5;32m[AndroidUiautomator2Driver@d8eb (26be48bf)]&amp#27;[0m Valid locator strategies for this request: xpath, id, class name, accessibility id, css selector, -android uiautomator
[debug] &amp#27;[38;5;32m[AndroidUiautomator2Driver@d8eb (26be48bf)]&amp#27;[0m Waiting up to 5000 ms for condition
[debug] &amp#27;[38;5;32m[AndroidUiautomator2Driver@d8eb (26be48bf)]&amp#27;[0m Matched '/element' to command name 'findElement'
[debug] &amp#27;[38;5;32m[AndroidUiautomator2Driver@d8eb (26be48bf)]&amp#27;[0m Proxying [POST /element] to [POST http://127.0.0.1:8200/session/a85c01ee-ac2f-45a7-a938-3056a0dadbb4/element] with body: {"strategy":"id","selector":"android:id/button1","context":"","multiple":false}
[debug] &amp#27;[38;5;32m[AndroidUiautomator2Driver@d8eb (26be48bf)]&amp#27;[0m Got response with status 200: {"sessionId":"a85c01ee-ac2f-45a7-a938-3056a0dadbb4","value":{"ELEMENT":"00000000-0000-011a-ffff-ffff0000009f","element-6066-11e4-a52e-4f735466cecf":"00000000-0000-011a-ffff-ffff0000009f"}}
[debug] &amp#27;[38;5;32m[AndroidUiautomator2Driver@d8eb (26be48bf)]&amp#27;[0m Responding to client with driver.findElement() result: {"element-6066-11e4-a52e-4f735466cecf":"00000000-0000-011a-ffff-ffff0000009f","ELEMENT":"00000000-0000-011a-ffff-ffff0000009f"}
&amp#27;[38;5;0m[HTTP]&amp#27;[0m &amp#27;[37m<-- POST /session/26be48bf-54a7-4e5a-b0d8-678f43b769b8/element &amp#27;[39m&amp#27;[32m200&amp#27;[39m &amp#27;[90m16 ms - 137&amp#27;[39m
&amp#27;[38;5;0m[HTTP]&amp#27;[0m &amp#27;[90m&amp#27;[39m
&amp#27;[38;5;0m[HTTP]&amp#27;[0m &amp#27;[37m-->&amp#27;[39m &amp#27;[37mPOST&amp#27;[39m &amp#27;[37m/session/26be48bf-54a7-4e5a-b0d8-678f43b769b8/element/00000000-0000-011a-ffff-ffff0000009f/click&amp#27;[39m
&amp#27;[38;5;0m[HTTP]&amp#27;[0m &amp#27;[90m{"id":"00000000-0000-011a-ffff-ffff0000009f"}&amp#27;[39m
[debug] &amp#27;[38;5;32m[AndroidUiautomator2Driver@d8eb (26be48bf)]&amp#27;[0m Calling AppiumDriver.click() with args: ["00000000-0000-011a-ffff-ffff0000009f","26be48bf-54a7-4e5a-b0d8-678f43b769b8"]
[debug] &amp#27;[38;5;32m[AndroidUiautomator2Driver@d8eb (26be48bf)]&amp#27;[0m Matched '/element/00000000-0000-011a-ffff-ffff0000009f/click' to command name 'click'
[debug] &amp#27;[38;5;32m[AndroidUiautomator2Driver@d8eb (26be48bf)]&amp#27;[0m Proxying [POST /element/00000000-0000-011a-ffff-ffff0000009f/click] to [POST http://127.0.0.1:8200/session/a85c01ee-ac2f-45a7-a938-3056a0dadbb4/element/00000000-0000-011a-ffff-ffff0000009f/click] with body: {"element":"00000000-0000-011a-ffff-ffff0000009f"}
[debug] &amp#27;[38;5;32m[AndroidUiautomator2Driver@d8eb (26be48bf)]&amp#27;[0m Got response with status 200: {"sessionId":"a85c01ee-ac2f-45a7-a938-3056a0dadbb4","value":null}
[debug] &amp#27;[38;5;32m[AndroidUiautomator2Driver@d8eb (26be48bf)]&amp#27;[0m Responding to client with driver.click() result: null
&amp#27;[38;5;0m[HTTP]&amp#27;[0m &amp#27;[37m<-- POST /session/26be48bf-54a7-4e5a-b0d8-678f43b769b8/element/00000000-0000-011a-ffff-ffff0000009f/click &amp#27;[39m&amp#27;[32m200&amp#27;[39m &amp#27;[90m82 ms - 14&amp#27;[39m
&amp#27;[38;5;0m[HTTP]&amp#27;[0m &amp#27;[90m&amp#27;[39m
&amp#27;[38;5;0m[HTTP]&amp#27;[0m &amp#27;[37m-->&amp#27;[39m &amp#27;[37mGET&amp#27;[39m &amp#27;[37m/session/26be48bf-54a7-4e5a-b0d8-678f43b769b8/context&amp#27;[39m
&amp#27;[38;5;0m[HTTP]&amp#27;[0m &amp#27;[90m{}&amp#27;[39m
[debug] &amp#27;[38;5;32m[AndroidUiautomator2Driver@d8eb (26be48bf)]&amp#27;[0m Calling AppiumDriver.getCurrentContext() with args: ["26be48bf-54a7-4e5a-b0d8-678f43b769b8"]
[debug] &amp#27;[38;5;32m[AndroidUiautomator2Driver@d8eb (26be48bf)]&amp#27;[0m Responding to client with driver.getCurrentContext() result: "NATIVE_APP"
&amp#27;[38;5;0m[HTTP]&amp#27;[0m &amp#27;[37m<-- GET /session/26be48bf-54a7-4e5a-b0d8-678f43b769b8/context &amp#27;[39m&amp#27;[32m200&amp#27;[39m &amp#27;[90m1 ms - 22&amp#27;[39m
&amp#27;[38;5;0m[HTTP]&amp#27;[0m &amp#27;[90m&amp#27;[39m
&amp#27;[38;5;0m[HTTP]&amp#27;[0m &amp#27;[37m-->&amp#27;[39m &amp#27;[37mPOST&amp#27;[39m &amp#27;[37m/session/26be48bf-54a7-4e5a-b0d8-678f43b769b8/element&amp#27;[39m
&amp#27;[38;5;0m[HTTP]&amp#27;[0m &amp#27;[90m{"using":"class name","value":"android.widget.CheckBox"}&amp#27;[39m
[debug] &amp#27;[38;5;32m[AndroidUiautomator2Driver@d8eb (26be48bf)]&amp#27;[0m Calling AppiumDriver.findElement() with args: ["class name","android.widget.CheckBox","26be48bf-54a7-4e5a-b0d8-678f43b769b8"]
[debug] &amp#27;[38;5;32m[AndroidUiautomator2Driver@d8eb (26be48bf)]&amp#27;[0m Valid locator strategies for this request: xpath, id, class name, accessibility id, css selector, -android uiautomator
[debug] &amp#27;[38;5;32m[AndroidUiautomator2Driver@d8eb (26be48bf)]&amp#27;[0m Waiting up to 5000 ms for condition
[debug] &amp#27;[38;5;32m[AndroidUiautomator2Driver@d8eb (26be48bf)]&amp#27;[0m Matched '/element' to command name 'findElement'
[debug] &amp#27;[38;5;32m[AndroidUiautomator2Driver@d8eb (26be48bf)]&amp#27;[0m Proxying [POST /element] to [POST http://127.0.0.1:8200/session/a85c01ee-ac2f-45a7-a938-3056a0dadbb4/element] with body: {"strategy":"class name","selector":"android.widget.CheckBox","context":"","multiple":false}
[debug] &amp#27;[38;5;32m[AndroidUiautomator2Driver@d8eb (26be48bf)]&amp#27;[0m Got response with status 200: {"sessionId":"a85c01ee-ac2f-45a7-a938-3056a0dadbb4","value":{"ELEMENT":"00000000-0000-0119-ffff-ffff00000071","element-6066-11e4-a52e-4f735466cecf":"00000000-0000-0119-ffff-ffff00000071"}}
[debug] &amp#27;[38;5;32m[AndroidUiautomator2Driver@d8eb (26be48bf)]&amp#27;[0m Responding to client with driver.findElement() result: {"element-6066-11e4-a52e-4f735466cecf":"00000000-0000-0119-ffff-ffff00000071","ELEMENT":"00000000-0000-0119-ffff-ffff00000071"}
&amp#27;[38;5;0m[HTTP]&amp#27;[0m &amp#27;[37m<-- POST /session/26be48bf-54a7-4e5a-b0d8-678f43b769b8/element &amp#27;[39m&amp#27;[32m200&amp#27;[39m &amp#27;[90m625 ms - 137&amp#27;[39m
&amp#27;[38;5;0m[HTTP]&amp#27;[0m &amp#27;[90m&amp#27;[39m
&amp#27;[38;5;0m[HTTP]&amp#27;[0m &amp#27;[37m-->&amp#27;[39m &amp#27;[37mPOST&amp#27;[39m &amp#27;[37m/session/26be48bf-54a7-4e5a-b0d8-678f43b769b8/element/00000000-0000-0119-ffff-ffff00000071/click&amp#27;[39m
&amp#27;[38;5;0m[HTTP]&amp#27;[0m &amp#27;[90m{"id":"00000000-0000-0119-ffff-ffff00000071"}&amp#27;[39m
[debug] &amp#27;[38;5;32m[AndroidUiautomator2Driver@d8eb (26be48bf)]&amp#27;[0m Calling AppiumDriver.click() with args: ["00000000-0000-0119-ffff-ffff00000071","26be48bf-54a7-4e5a-b0d8-678f43b769b8"]
[debug] &amp#27;[38;5;32m[AndroidUiautomator2Driver@d8eb (26be48bf)]&amp#27;[0m Matched '/element/00000000-0000-0119-ffff-ffff00000071/click' to command name 'click'
[debug] &amp#27;[38;5;32m[AndroidUiautomator2Driver@d8eb (26be48bf)]&amp#27;[0m Proxying [POST /element/00000000-0000-0119-ffff-ffff00000071/click] to [POST http://127.0.0.1:8200/session/a85c01ee-ac2f-45a7-a938-3056a0dadbb4/element/00000000-0000-0119-ffff-ffff00000071/click] with body: {"element":"00000000-0000-0119-ffff-ffff00000071"}
[debug] &amp#27;[38;5;32m[AndroidUiautomator2Driver@d8eb (26be48bf)]&amp#27;[0m Got response with status 200: {"sessionId":"a85c01ee-ac2f-45a7-a938-3056a0dadbb4","value":null}
[debug] &amp#27;[38;5;32m[AndroidUiautomator2Driver@d8eb (26be48bf)]&amp#27;[0m Responding to client with driver.click() result: null
&amp#27;[38;5;0m[HTTP]&amp#27;[0m &amp#27;[37m<-- POST /session/26be48bf-54a7-4e5a-b0d8-678f43b769b8/element/00000000-0000-0119-ffff-ffff00000071/click &amp#27;[39m&amp#27;[32m200&amp#27;[39m &amp#27;[90m60 ms - 14&amp#27;[39m
&amp#27;[38;5;0m[HTTP]&amp#27;[0m &amp#27;[90m&amp#27;[39m
&amp#27;[38;5;0m[HTTP]&amp#27;[0m &amp#27;[37m-->&amp#27;[39m &amp#27;[37mGET&amp#27;[39m &amp#27;[37m/session/26be48bf-54a7-4e5a-b0d8-678f43b769b8/context&amp#27;[39m
&amp#27;[38;5;0m[HTTP]&amp#27;[0m &amp#27;[90m{}&amp#27;[39m
[debug] &amp#27;[38;5;32m[AndroidUiautomator2Driver@d8eb (26be48bf)]&amp#27;[0m Calling AppiumDriver.getCurrentContext() with args: ["26be48bf-54a7-4e5a-b0d8-678f43b769b8"]
[debug] &amp#27;[38;5;32m[AndroidUiautomator2Driver@d8eb (26be48bf)]&amp#27;[0m Responding to client with driver.getCurrentContext() result: "NATIVE_APP"
&amp#27;[38;5;0m[HTTP]&amp#27;[0m &amp#27;[37m<-- GET /session/26be48bf-54a7-4e5a-b0d8-678f43b769b8/context &amp#27;[39m&amp#27;[32m200&amp#27;[39m &amp#27;[90m2 ms - 22&amp#27;[39m
&amp#27;[38;5;0m[HTTP]&amp#27;[0m &amp#27;[90m&amp#27;[39m
&amp#27;[38;5;0m[HTTP]&amp#27;[0m &amp#27;[37m-->&amp#27;[39m &amp#27;[37mPOST&amp#27;[39m &amp#27;[37m/session/26be48bf-54a7-4e5a-b0d8-678f43b769b8/element&amp#27;[39m
&amp#27;[38;5;0m[HTTP]&amp#27;[0m &amp#27;[90m{"using":"id","value":"com.androidsample.generalstore:id/btnProceed"}&amp#27;[39m
[debug] &amp#27;[38;5;32m[AndroidUiautomator2Driver@d8eb (26be48bf)]&amp#27;[0m Calling AppiumDriver.findElement() with args: ["id","com.androidsample.generalstore:id/btnProceed","26be48bf-54a7-4e5a-b0d8-678f43b769b8"]
[debug] &amp#27;[38;5;32m[AndroidUiautomator2Driver@d8eb (26be48bf)]&amp#27;[0m Valid locator strategies for this request: xpath, id, class name, accessibility id, css selector, -android uiautomator
[debug] &amp#27;[38;5;32m[AndroidUiautomator2Driver@d8eb (26be48bf)]&amp#27;[0m Waiting up to 5000 ms for condition
[debug] &amp#27;[38;5;32m[AndroidUiautomator2Driver@d8eb (26be48bf)]&amp#27;[0m Matched '/element' to command name 'findElement'
[debug] &amp#27;[38;5;32m[AndroidUiautomator2Driver@d8eb (26be48bf)]&amp#27;[0m Proxying [POST /element] to [POST http://127.0.0.1:8200/session/a85c01ee-ac2f-45a7-a938-3056a0dadbb4/element] with body: {"strategy":"id","selector":"com.androidsample.generalstore:id/btnProceed","context":"","multiple":false}
[debug] &amp#27;[38;5;32m[AndroidUiautomator2Driver@d8eb (26be48bf)]&amp#27;[0m Got response with status 200: {"sessionId":"a85c01ee-ac2f-45a7-a938-3056a0dadbb4","value":{"ELEMENT":"00000000-0000-0119-ffff-ffff00000072","element-6066-11e4-a52e-4f735466cecf":"00000000-0000-0119-ffff-ffff00000072"}}
[debug] &amp#27;[38;5;32m[AndroidUiautomator2Driver@d8eb (26be48bf)]&amp#27;[0m Responding to client with driver.findElement() result: {"element-6066-11e4-a52e-4f735466cecf":"00000000-0000-0119-ffff-ffff00000072","ELEMENT":"00000000-0000-0119-ffff-ffff00000072"}
&amp#27;[38;5;0m[HTTP]&amp#27;[0m &amp#27;[37m<-- POST /session/26be48bf-54a7-4e5a-b0d8-678f43b769b8/element &amp#27;[39m&amp#27;[32m200&amp#27;[39m &amp#27;[90m135 ms - 137&amp#27;[39m
&amp#27;[38;5;0m[HTTP]&amp#27;[0m &amp#27;[90m&amp#27;[39m
&amp#27;[38;5;0m[HTTP]&amp#27;[0m &amp#27;[37m-->&amp#27;[39m &amp#27;[37mPOST&amp#27;[39m &amp#27;[37m/session/26be48bf-54a7-4e5a-b0d8-678f43b769b8/element/00000000-0000-0119-ffff-ffff00000072/click&amp#27;[39m
&amp#27;[38;5;0m[HTTP]&amp#27;[0m &amp#27;[90m{"id":"00000000-0000-0119-ffff-ffff00000072"}&amp#27;[39m
[debug] &amp#27;[38;5;32m[AndroidUiautomator2Driver@d8eb (26be48bf)]&amp#27;[0m Calling AppiumDriver.click() with args: ["00000000-0000-0119-ffff-ffff00000072","26be48bf-54a7-4e5a-b0d8-678f43b769b8"]
[debug] &amp#27;[38;5;32m[AndroidUiautomator2Driver@d8eb (26be48bf)]&amp#27;[0m Matched '/element/00000000-0000-0119-ffff-ffff00000072/click' to command name 'click'
[debug] &amp#27;[38;5;32m[AndroidUiautomator2Driver@d8eb (26be48bf)]&amp#27;[0m Proxying [POST /element/00000000-0000-0119-ffff-ffff00000072/click] to [POST http://127.0.0.1:8200/session/a85c01ee-ac2f-45a7-a938-3056a0dadbb4/element/00000000-0000-0119-ffff-ffff00000072/click] with body: {"element":"00000000-0000-0119-ffff-ffff00000072"}
[debug] &amp#27;[38;5;32m[AndroidUiautomator2Driver@d8eb (26be48bf)]&amp#27;[0m Got response with status 200: {"sessionId":"a85c01ee-ac2f-45a7-a938-3056a0dadbb4","value":null}
[debug] &amp#27;[38;5;32m[AndroidUiautomator2Driver@d8eb (26be48bf)]&amp#27;[0m Responding to client with driver.click() result: null
&amp#27;[38;5;0m[HTTP]&amp#27;[0m &amp#27;[37m<-- POST /session/26be48bf-54a7-4e5a-b0d8-678f43b769b8/element/00000000-0000-0119-ffff-ffff00000072/click &amp#27;[39m&amp#27;[32m200&amp#27;[39m &amp#27;[90m532 ms - 14&amp#27;[39m
&amp#27;[38;5;0m[HTTP]&amp#27;[0m &amp#27;[90m&amp#27;[39m
]]></system-out>
  </testcase>
</testsuite>