<?xml version="1.0" encoding="UTF-8"?>
<testsuite xmlns:xsi="http://www.w3.org/2001/XMLSchema-instance" xsi:noNamespaceSchemaLocation="https://maven.apache.org/surefire/maven-surefire-plugin/xsd/surefire-test-report.xsd" name="TestSuite" time="23.132" tests="5" errors="0" skipped="1" failures="1">
  <properties>
[...]
</properties>
  <testcase name="runScenario" classname="cucumber.TestNgTestRunner" time="7.579"/>
  <testcase name="loginErrorValidation" classname="mertkanCompany.tests.ErrorValidationsTest" time="0.68"/>
  <testcase name="productErrorValidation" classname="mertkanCompany.tests.ErrorValidationsTest" time="2.563"/>
  <testcase name="submitOrder" classname="mertkanCompany.tests.SubmitOrderTest" time="2.688">
    <failure message="java.io.FileNotFoundException: File &apos;C:\Selenium-TestNG\SeleniumFrameworkDesign\src\test\java\data\PurchaseOrder.json&apos; does not exist" type="java.lang.RuntimeException">java.lang.RuntimeException: java.io.FileNotFoundException: File 'C:\Selenium-TestNG\SeleniumFrameworkDesign\src\test\java\data\PurchaseOrder.json' does not exist
	at mertkanCompany.tests.SubmitOrderTest.getData(SubmitOrderTest.java:47)
</failure>
  </testcase>
  <testcase name="orderHistoryTest" classname="mertkanCompany.tests.SubmitOrderTest" time="0">
    <skipped message="Method mertkanCompany.tests.SubmitOrderTest.orderHistoryTest() on instance mertkanCompany.tests.SubmitOrderTest@2667f029 depends on not successfully finished methods &#10;[mertkanCompany.tests.SubmitOrderTest.submitOrder() on instance mertkanCompany.tests.SubmitOrderTest@2667f029]"/>
  </testcase>
</testsuite>