<?xml version="1.0" encoding="UTF-8"?>
<!-- Generated by org.testng.reporters.JUnitXMLReporter -->
<testsuite ignored="1" hostname="Mertkan" failures="0" tests="2" name="Submit Order Test" time="16.625" errors="0" timestamp="2023-02-01T15:10:56 TRT">
  <testcase classname="mertkanCompany.tests.SubmitOrderTest" name="submitOrder" time="3.652"/>
  <testcase classname="mertkanCompany.tests.SubmitOrderTest" name="submitOrder" time="3.619"/>
  <testcase classname="mertkanCompany.tests.SubmitOrderTest" name="orderHistoryTest" time="0.0">
    <ignored/>
  </testcase> <!-- orderHistoryTest -->
</testsuite> <!-- Submit Order Test -->
