<?xml version="1.0" encoding="UTF-8"?>
<!-- Generated by org.testng.reporters.JUnitXMLReporter -->
<testsuite ignored="1" hostname="progrid" failures="0" tests="2" name="End to end framework test" time="115.852" errors="0" timestamp="2023-03-05T21:59:01 EET">
  <testcase classname="mertkanCompany.ECommerceTestCase4" name="fillForm" time="47.302"/>
  <testcase classname="mertkanCompany.ECommerceTestCase4" name="fillForm" time="45.121"/>
  <testcase classname="mertkanCompany.ECommerceTestCase4" name="fillForm2" time="0.0">
    <ignored/>
  </testcase> <!-- fillForm2 -->
</testsuite> <!-- End to end framework test -->
