<?xml version="1.0" encoding="UTF-8"?>
<!-- Generated by org.testng.reporters.JUnitXMLReporter -->
<testsuite ignored="2" hostname="progrid" failures="0" tests="0" time="0.035" errors="0" timestamp="2023-03-05T20:41:40 EET">
  <testcase classname="mertkanCompany.ECommerceTestCase4" name="fillForm" time="0.0">
    <ignored/>
  </testcase> <!-- fillForm -->
  <testcase classname="mertkanCompany.ECommerceTestCase4" name="fillForm2" time="0.0">
    <ignored/>
  </testcase> <!-- fillForm2 -->
</testsuite>
