<?xml version="1.0" encoding="UTF-8"?>
<!-- Generated by org.testng.reporters.JUnitXMLReporter -->
<testsuite ignored="0" hostname="progrid" failures="1" tests="1" name="Error validations test" time="23.66" errors="0" timestamp="2023-03-05T20:42:04 EET">
  <testcase classname="mertkanCompany.ECommerceTestCase1" name="fillForm" time="4.582">
    <failure type="java.lang.AssertionError" message="expected [Please  your name] but found [Please enter your name]">
      <![CDATA[java.lang.AssertionError: expected [Please  your name] but found [Please enter your name]
at mertkanCompany.ECommerceTestCase1.fillForm(ECommerceTestCase1.java:15)
at java.base/java.util.ArrayList.forEach(ArrayList.java:1541)
... Removed 33 stack frames]]>
    </failure>
  </testcase> <!-- fillForm -->
</testsuite> <!-- Error validations test -->
